<?xml version="1.0" encoding="UTF-8"?>
<testng-results skipped="0" failed="146" total="155" passed="9">
  <reporter-output>
  </reporter-output>
  <suite name="Default suite" duration-ms="338311" started-at="2022-10-07T17:01:10Z" finished-at="2022-10-07T17:06:48Z">
    <groups>
    </groups>
    <test name="Default test" duration-ms="338311" started-at="2022-10-07T17:01:10Z" finished-at="2022-10-07T17:06:48Z">
      <class name="twc.Automation.ExecutableTestCases.smokeTestCases">
        <test-method status="PASS" signature="beforeClass()[pri:0, instance:twc.Automation.ExecutableTestCases.smokeTestCases@1b5bc39d]" name="beforeClass" is-config="true" duration-ms="335042" started-at="2022-10-07T22:31:10Z" finished-at="2022-10-07T22:36:45Z">
          <reporter-output>
          </reporter-output>
        </test-method> <!-- beforeClass -->
        <test-method status="FAIL" signature="Smoke_Test_CaseVerify_Homescreen_marquee_adCall_FTL()[pri:0, instance:twc.Automation.ExecutableTestCases.smokeTestCases@1b5bc39d]" name="Smoke_Test_CaseVerify_Homescreen_marquee_adCall_FTL" duration-ms="526" started-at="2022-10-07T22:36:45Z" finished-at="2022-10-07T22:36:45Z">
          <exception class="java.lang.AssertionError">
            <message>
              <![CDATA[iu=%2F7646%2Fapp_android_us%2Fdb_display%2Fhome_screen%2Fmarquee ad call is not present]]>
            </message>
            <full-stacktrace>
              <![CDATA[java.lang.AssertionError: iu=%2F7646%2Fapp_android_us%2Fdb_display%2Fhome_screen%2Fmarquee ad call is not present
	at org.testng.Assert.fail(Assert.java:94)
	at twc.Automation.General.Utils.verifyPubadCal(Utils.java:234)
	at twc.Automation.ExecutableTestCases.smokeTestCases.Smoke_Test_CaseVerify_Homescreen_marquee_adCall_FTL(smokeTestCases.java:108)
	at sun.reflect.NativeMethodAccessorImpl.invoke0(Native Method)
	at sun.reflect.NativeMethodAccessorImpl.invoke(NativeMethodAccessorImpl.java:62)
	at sun.reflect.DelegatingMethodAccessorImpl.invoke(DelegatingMethodAccessorImpl.java:43)
	at java.lang.reflect.Method.invoke(Method.java:498)
	at org.testng.internal.MethodInvocationHelper.invokeMethod(MethodInvocationHelper.java:85)
	at org.testng.internal.Invoker.invokeMethod(Invoker.java:659)
	at org.testng.internal.Invoker.invokeTestMethod(Invoker.java:845)
	at org.testng.internal.Invoker.invokeTestMethods(Invoker.java:1153)
	at org.testng.internal.TestMethodWorker.invokeTestMethods(TestMethodWorker.java:125)
	at org.testng.internal.TestMethodWorker.run(TestMethodWorker.java:108)
	at org.testng.TestRunner.privateRun(TestRunner.java:771)
	at org.testng.TestRunner.run(TestRunner.java:621)
	at org.testng.SuiteRunner.runTest(SuiteRunner.java:357)
	at org.testng.SuiteRunner.runSequentially(SuiteRunner.java:352)
	at org.testng.SuiteRunner.privateRun(SuiteRunner.java:310)
	at org.testng.SuiteRunner.run(SuiteRunner.java:259)
	at org.testng.SuiteRunnerWorker.runSuite(SuiteRunnerWorker.java:52)
	at org.testng.SuiteRunnerWorker.run(SuiteRunnerWorker.java:86)
	at org.testng.TestNG.runSuitesSequentially(TestNG.java:1199)
	at org.testng.TestNG.runSuitesLocally(TestNG.java:1124)
	at org.testng.TestNG.run(TestNG.java:1032)
	at org.testng.remote.AbstractRemoteTestNG.run(AbstractRemoteTestNG.java:115)
	at org.testng.remote.RemoteTestNG.initAndRun(RemoteTestNG.java:251)
	at org.testng.remote.RemoteTestNG.main(RemoteTestNG.java:77)
]]>
            </full-stacktrace>
          </exception> <!-- java.lang.AssertionError -->
          <reporter-output>
          </reporter-output>
        </test-method> <!-- Smoke_Test_CaseVerify_Homescreen_marquee_adCall_FTL -->
        <test-method status="FAIL" signature="Verify_AlertCenterAd()[pri:0, instance:twc.Automation.ExecutableTestCases.smokeTestCases@1b5bc39d]" name="Verify_AlertCenterAd" duration-ms="22" started-at="2022-10-07T22:36:45Z" finished-at="2022-10-07T22:36:45Z">
          <exception class="java.lang.AssertionError">
            <message>
              <![CDATA[iu=%2F7646%2Fapp_android_us%2Fdb_display%2Fdetails%2Falerts%2Fcenter ad call is not present]]>
            </message>
            <full-stacktrace>
              <![CDATA[java.lang.AssertionError: iu=%2F7646%2Fapp_android_us%2Fdb_display%2Fdetails%2Falerts%2Fcenter ad call is not present
	at org.testng.Assert.fail(Assert.java:94)
	at twc.Automation.General.Utils.verifyPubadCal(Utils.java:234)
	at twc.Automation.ExecutableTestCases.smokeTestCases.Verify_AlertCenterAd(smokeTestCases.java:121)
	at sun.reflect.NativeMethodAccessorImpl.invoke0(Native Method)
	at sun.reflect.NativeMethodAccessorImpl.invoke(NativeMethodAccessorImpl.java:62)
	at sun.reflect.DelegatingMethodAccessorImpl.invoke(DelegatingMethodAccessorImpl.java:43)
	at java.lang.reflect.Method.invoke(Method.java:498)
	at org.testng.internal.MethodInvocationHelper.invokeMethod(MethodInvocationHelper.java:85)
	at org.testng.internal.Invoker.invokeMethod(Invoker.java:659)
	at org.testng.internal.Invoker.invokeTestMethod(Invoker.java:845)
	at org.testng.internal.Invoker.invokeTestMethods(Invoker.java:1153)
	at org.testng.internal.TestMethodWorker.invokeTestMethods(TestMethodWorker.java:125)
	at org.testng.internal.TestMethodWorker.run(TestMethodWorker.java:108)
	at org.testng.TestRunner.privateRun(TestRunner.java:771)
	at org.testng.TestRunner.run(TestRunner.java:621)
	at org.testng.SuiteRunner.runTest(SuiteRunner.java:357)
	at org.testng.SuiteRunner.runSequentially(SuiteRunner.java:352)
	at org.testng.SuiteRunner.privateRun(SuiteRunner.java:310)
	at org.testng.SuiteRunner.run(SuiteRunner.java:259)
	at org.testng.SuiteRunnerWorker.runSuite(SuiteRunnerWorker.java:52)
	at org.testng.SuiteRunnerWorker.run(SuiteRunnerWorker.java:86)
	at org.testng.TestNG.runSuitesSequentially(TestNG.java:1199)
	at org.testng.TestNG.runSuitesLocally(TestNG.java:1124)
	at org.testng.TestNG.run(TestNG.java:1032)
	at org.testng.remote.AbstractRemoteTestNG.run(AbstractRemoteTestNG.java:115)
	at org.testng.remote.RemoteTestNG.initAndRun(RemoteTestNG.java:251)
	at org.testng.remote.RemoteTestNG.main(RemoteTestNG.java:77)
]]>
            </full-stacktrace>
          </exception> <!-- java.lang.AssertionError -->
          <reporter-output>
          </reporter-output>
        </test-method> <!-- Verify_AlertCenterAd -->
        <test-method status="PASS" signature="Smoke_Test_Verify_health_and_activities_Running_contenPage_adcall_FTL()[pri:0, instance:twc.Automation.ExecutableTestCases.smokeTestCases@1b5bc39d]" name="Smoke_Test_Verify_health_and_activities_Running_contenPage_adcall_FTL" duration-ms="17" started-at="2022-10-07T22:36:45Z" finished-at="2022-10-07T22:36:45Z">
          <reporter-output>
          </reporter-output>
        </test-method> <!-- Smoke_Test_Verify_health_and_activities_Running_contenPage_adcall_FTL -->
        <test-method status="FAIL" signature="Smoke_Test_verifying_feed_1adcall_FTL()[pri:0, instance:twc.Automation.ExecutableTestCases.smokeTestCases@1b5bc39d]" name="Smoke_Test_verifying_feed_1adcall_FTL" duration-ms="31" started-at="2022-10-07T22:36:45Z" finished-at="2022-10-07T22:36:45Z">
          <exception class="java.lang.AssertionError">
            <message>
              <![CDATA[iu=%2F7646%2Fapp_android_us%2Fdb_display%2Ffeed%2Ffeed_1 ad call is not present]]>
            </message>
            <full-stacktrace>
              <![CDATA[java.lang.AssertionError: iu=%2F7646%2Fapp_android_us%2Fdb_display%2Ffeed%2Ffeed_1 ad call is not present
	at org.testng.Assert.fail(Assert.java:94)
	at twc.Automation.General.Utils.verifyPubadCal(Utils.java:234)
	at twc.Automation.ExecutableTestCases.smokeTestCases.Smoke_Test_verifying_feed_1adcall_FTL(smokeTestCases.java:129)
	at sun.reflect.NativeMethodAccessorImpl.invoke0(Native Method)
	at sun.reflect.NativeMethodAccessorImpl.invoke(NativeMethodAccessorImpl.java:62)
	at sun.reflect.DelegatingMethodAccessorImpl.invoke(DelegatingMethodAccessorImpl.java:43)
	at java.lang.reflect.Method.invoke(Method.java:498)
	at org.testng.internal.MethodInvocationHelper.invokeMethod(MethodInvocationHelper.java:85)
	at org.testng.internal.Invoker.invokeMethod(Invoker.java:659)
	at org.testng.internal.Invoker.invokeTestMethod(Invoker.java:845)
	at org.testng.internal.Invoker.invokeTestMethods(Invoker.java:1153)
	at org.testng.internal.TestMethodWorker.invokeTestMethods(TestMethodWorker.java:125)
	at org.testng.internal.TestMethodWorker.run(TestMethodWorker.java:108)
	at org.testng.TestRunner.privateRun(TestRunner.java:771)
	at org.testng.TestRunner.run(TestRunner.java:621)
	at org.testng.SuiteRunner.runTest(SuiteRunner.java:357)
	at org.testng.SuiteRunner.runSequentially(SuiteRunner.java:352)
	at org.testng.SuiteRunner.privateRun(SuiteRunner.java:310)
	at org.testng.SuiteRunner.run(SuiteRunner.java:259)
	at org.testng.SuiteRunnerWorker.runSuite(SuiteRunnerWorker.java:52)
	at org.testng.SuiteRunnerWorker.run(SuiteRunnerWorker.java:86)
	at org.testng.TestNG.runSuitesSequentially(TestNG.java:1199)
	at org.testng.TestNG.runSuitesLocally(TestNG.java:1124)
	at org.testng.TestNG.run(TestNG.java:1032)
	at org.testng.remote.AbstractRemoteTestNG.run(AbstractRemoteTestNG.java:115)
	at org.testng.remote.RemoteTestNG.initAndRun(RemoteTestNG.java:251)
	at org.testng.remote.RemoteTestNG.main(RemoteTestNG.java:77)
]]>
            </full-stacktrace>
          </exception> <!-- java.lang.AssertionError -->
          <reporter-output>
          </reporter-output>
        </test-method> <!-- Smoke_Test_verifying_feed_1adcall_FTL -->
        <test-method status="PASS" signature="Smoke_Test_Verify_health_and_activities_Bot_Beach_contenPage_adcall_FTL()[pri:0, instance:twc.Automation.ExecutableTestCases.smokeTestCases@1b5bc39d]" name="Smoke_Test_Verify_health_and_activities_Bot_Beach_contenPage_adcall_FTL" duration-ms="18" started-at="2022-10-07T22:36:45Z" finished-at="2022-10-07T22:36:45Z">
          <reporter-output>
          </reporter-output>
        </test-method> <!-- Smoke_Test_Verify_health_and_activities_Bot_Beach_contenPage_adcall_FTL -->
        <test-method status="FAIL" signature="Smoke_Test_Case_Verify_Radar_Maps_deatailspage_adCall_FTL()[pri:0, instance:twc.Automation.ExecutableTestCases.smokeTestCases@1b5bc39d]" name="Smoke_Test_Case_Verify_Radar_Maps_deatailspage_adCall_FTL" duration-ms="23" started-at="2022-10-07T22:36:45Z" finished-at="2022-10-07T22:36:45Z">
          <exception class="java.lang.AssertionError">
            <message>
              <![CDATA[iu=%2F7646%2Fapp_android_us%2Fdb_display%2Fdetails%2Fmaps ad call is not present]]>
            </message>
            <full-stacktrace>
              <![CDATA[java.lang.AssertionError: iu=%2F7646%2Fapp_android_us%2Fdb_display%2Fdetails%2Fmaps ad call is not present
	at org.testng.Assert.fail(Assert.java:94)
	at twc.Automation.General.Utils.verifyPubadCal(Utils.java:234)
	at twc.Automation.ExecutableTestCases.smokeTestCases.Smoke_Test_Case_Verify_Radar_Maps_deatailspage_adCall_FTL(smokeTestCases.java:140)
	at sun.reflect.NativeMethodAccessorImpl.invoke0(Native Method)
	at sun.reflect.NativeMethodAccessorImpl.invoke(NativeMethodAccessorImpl.java:62)
	at sun.reflect.DelegatingMethodAccessorImpl.invoke(DelegatingMethodAccessorImpl.java:43)
	at java.lang.reflect.Method.invoke(Method.java:498)
	at org.testng.internal.MethodInvocationHelper.invokeMethod(MethodInvocationHelper.java:85)
	at org.testng.internal.Invoker.invokeMethod(Invoker.java:659)
	at org.testng.internal.Invoker.invokeTestMethod(Invoker.java:845)
	at org.testng.internal.Invoker.invokeTestMethods(Invoker.java:1153)
	at org.testng.internal.TestMethodWorker.invokeTestMethods(TestMethodWorker.java:125)
	at org.testng.internal.TestMethodWorker.run(TestMethodWorker.java:108)
	at org.testng.TestRunner.privateRun(TestRunner.java:771)
	at org.testng.TestRunner.run(TestRunner.java:621)
	at org.testng.SuiteRunner.runTest(SuiteRunner.java:357)
	at org.testng.SuiteRunner.runSequentially(SuiteRunner.java:352)
	at org.testng.SuiteRunner.privateRun(SuiteRunner.java:310)
	at org.testng.SuiteRunner.run(SuiteRunner.java:259)
	at org.testng.SuiteRunnerWorker.runSuite(SuiteRunnerWorker.java:52)
	at org.testng.SuiteRunnerWorker.run(SuiteRunnerWorker.java:86)
	at org.testng.TestNG.runSuitesSequentially(TestNG.java:1199)
	at org.testng.TestNG.runSuitesLocally(TestNG.java:1124)
	at org.testng.TestNG.run(TestNG.java:1032)
	at org.testng.remote.AbstractRemoteTestNG.run(AbstractRemoteTestNG.java:115)
	at org.testng.remote.RemoteTestNG.initAndRun(RemoteTestNG.java:251)
	at org.testng.remote.RemoteTestNG.main(RemoteTestNG.java:77)
]]>
            </full-stacktrace>
          </exception> <!-- java.lang.AssertionError -->
          <reporter-output>
          </reporter-output>
        </test-method> <!-- Smoke_Test_Case_Verify_Radar_Maps_deatailspage_adCall_FTL -->
        <test-method status="FAIL" signature="Smoke_Test_Verify_health_and_activities_coldFlu_contenPage_adcall_FTL()[pri:0, instance:twc.Automation.ExecutableTestCases.smokeTestCases@1b5bc39d]" name="Smoke_Test_Verify_health_and_activities_coldFlu_contenPage_adcall_FTL" duration-ms="19" started-at="2022-10-07T22:36:45Z" finished-at="2022-10-07T22:36:45Z">
          <exception class="java.lang.AssertionError">
            <message>
              <![CDATA[iu=%2F7646%2Fapp_android_us%2Fdb_display%2Fcontent%2Fflu ad call is not present]]>
            </message>
            <full-stacktrace>
              <![CDATA[java.lang.AssertionError: iu=%2F7646%2Fapp_android_us%2Fdb_display%2Fcontent%2Fflu ad call is not present
	at org.testng.Assert.fail(Assert.java:94)
	at twc.Automation.General.Utils.verifyPubadCal(Utils.java:234)
	at twc.Automation.ExecutableTestCases.smokeTestCases.Smoke_Test_Verify_health_and_activities_coldFlu_contenPage_adcall_FTL(smokeTestCases.java:211)
	at sun.reflect.NativeMethodAccessorImpl.invoke0(Native Method)
	at sun.reflect.NativeMethodAccessorImpl.invoke(NativeMethodAccessorImpl.java:62)
	at sun.reflect.DelegatingMethodAccessorImpl.invoke(DelegatingMethodAccessorImpl.java:43)
	at java.lang.reflect.Method.invoke(Method.java:498)
	at org.testng.internal.MethodInvocationHelper.invokeMethod(MethodInvocationHelper.java:85)
	at org.testng.internal.Invoker.invokeMethod(Invoker.java:659)
	at org.testng.internal.Invoker.invokeTestMethod(Invoker.java:845)
	at org.testng.internal.Invoker.invokeTestMethods(Invoker.java:1153)
	at org.testng.internal.TestMethodWorker.invokeTestMethods(TestMethodWorker.java:125)
	at org.testng.internal.TestMethodWorker.run(TestMethodWorker.java:108)
	at org.testng.TestRunner.privateRun(TestRunner.java:771)
	at org.testng.TestRunner.run(TestRunner.java:621)
	at org.testng.SuiteRunner.runTest(SuiteRunner.java:357)
	at org.testng.SuiteRunner.runSequentially(SuiteRunner.java:352)
	at org.testng.SuiteRunner.privateRun(SuiteRunner.java:310)
	at org.testng.SuiteRunner.run(SuiteRunner.java:259)
	at org.testng.SuiteRunnerWorker.runSuite(SuiteRunnerWorker.java:52)
	at org.testng.SuiteRunnerWorker.run(SuiteRunnerWorker.java:86)
	at org.testng.TestNG.runSuitesSequentially(TestNG.java:1199)
	at org.testng.TestNG.runSuitesLocally(TestNG.java:1124)
	at org.testng.TestNG.run(TestNG.java:1032)
	at org.testng.remote.AbstractRemoteTestNG.run(AbstractRemoteTestNG.java:115)
	at org.testng.remote.RemoteTestNG.initAndRun(RemoteTestNG.java:251)
	at org.testng.remote.RemoteTestNG.main(RemoteTestNG.java:77)
]]>
            </full-stacktrace>
          </exception> <!-- java.lang.AssertionError -->
          <reporter-output>
          </reporter-output>
        </test-method> <!-- Smoke_Test_Verify_health_and_activities_coldFlu_contenPage_adcall_FTL -->
        <test-method status="PASS" signature="Smoke_Test_CaseVerify_Today_details_page_iu_FTL()[pri:0, instance:twc.Automation.ExecutableTestCases.smokeTestCases@1b5bc39d]" name="Smoke_Test_CaseVerify_Today_details_page_iu_FTL" duration-ms="24" started-at="2022-10-07T22:36:45Z" finished-at="2022-10-07T22:36:46Z">
          <reporter-output>
          </reporter-output>
        </test-method> <!-- Smoke_Test_CaseVerify_Today_details_page_iu_FTL -->
        <test-method status="FAIL" signature="Smoke_Test_Verify_health_and_activities_Allergy_contenPage_adcall_FTL()[pri:0, instance:twc.Automation.ExecutableTestCases.smokeTestCases@1b5bc39d]" name="Smoke_Test_Verify_health_and_activities_Allergy_contenPage_adcall_FTL" duration-ms="15" started-at="2022-10-07T22:36:46Z" finished-at="2022-10-07T22:36:46Z">
          <exception class="java.lang.AssertionError">
            <message>
              <![CDATA[iu=%2F7646%2Fapp_android_us%2Fdb_display%2Fcontent%2Fallergy ad call is not present]]>
            </message>
            <full-stacktrace>
              <![CDATA[java.lang.AssertionError: iu=%2F7646%2Fapp_android_us%2Fdb_display%2Fcontent%2Fallergy ad call is not present
	at org.testng.Assert.fail(Assert.java:94)
	at twc.Automation.General.Utils.verifyPubadCal(Utils.java:234)
	at twc.Automation.ExecutableTestCases.smokeTestCases.Smoke_Test_Verify_health_and_activities_Allergy_contenPage_adcall_FTL(smokeTestCases.java:221)
	at sun.reflect.NativeMethodAccessorImpl.invoke0(Native Method)
	at sun.reflect.NativeMethodAccessorImpl.invoke(NativeMethodAccessorImpl.java:62)
	at sun.reflect.DelegatingMethodAccessorImpl.invoke(DelegatingMethodAccessorImpl.java:43)
	at java.lang.reflect.Method.invoke(Method.java:498)
	at org.testng.internal.MethodInvocationHelper.invokeMethod(MethodInvocationHelper.java:85)
	at org.testng.internal.Invoker.invokeMethod(Invoker.java:659)
	at org.testng.internal.Invoker.invokeTestMethod(Invoker.java:845)
	at org.testng.internal.Invoker.invokeTestMethods(Invoker.java:1153)
	at org.testng.internal.TestMethodWorker.invokeTestMethods(TestMethodWorker.java:125)
	at org.testng.internal.TestMethodWorker.run(TestMethodWorker.java:108)
	at org.testng.TestRunner.privateRun(TestRunner.java:771)
	at org.testng.TestRunner.run(TestRunner.java:621)
	at org.testng.SuiteRunner.runTest(SuiteRunner.java:357)
	at org.testng.SuiteRunner.runSequentially(SuiteRunner.java:352)
	at org.testng.SuiteRunner.privateRun(SuiteRunner.java:310)
	at org.testng.SuiteRunner.run(SuiteRunner.java:259)
	at org.testng.SuiteRunnerWorker.runSuite(SuiteRunnerWorker.java:52)
	at org.testng.SuiteRunnerWorker.run(SuiteRunnerWorker.java:86)
	at org.testng.TestNG.runSuitesSequentially(TestNG.java:1199)
	at org.testng.TestNG.runSuitesLocally(TestNG.java:1124)
	at org.testng.TestNG.run(TestNG.java:1032)
	at org.testng.remote.AbstractRemoteTestNG.run(AbstractRemoteTestNG.java:115)
	at org.testng.remote.RemoteTestNG.initAndRun(RemoteTestNG.java:251)
	at org.testng.remote.RemoteTestNG.main(RemoteTestNG.java:77)
]]>
            </full-stacktrace>
          </exception> <!-- java.lang.AssertionError -->
          <reporter-output>
          </reporter-output>
        </test-method> <!-- Smoke_Test_Verify_health_and_activities_Allergy_contenPage_adcall_FTL -->
        <test-method status="FAIL" signature="Smoke_Test_Verify_Air_Quality_contentpage_adCall_FTL()[pri:0, instance:twc.Automation.ExecutableTestCases.smokeTestCases@1b5bc39d]" name="Smoke_Test_Verify_Air_Quality_contentpage_adCall_FTL" duration-ms="23" started-at="2022-10-07T22:36:46Z" finished-at="2022-10-07T22:36:46Z">
          <exception class="java.lang.AssertionError">
            <message>
              <![CDATA[iu=%2F7646%2Fapp_android_us%2Fdb_display%2Fcontent%2Faq ad call is not present]]>
            </message>
            <full-stacktrace>
              <![CDATA[java.lang.AssertionError: iu=%2F7646%2Fapp_android_us%2Fdb_display%2Fcontent%2Faq ad call is not present
	at org.testng.Assert.fail(Assert.java:94)
	at twc.Automation.General.Utils.verifyPubadCal(Utils.java:234)
	at twc.Automation.ExecutableTestCases.smokeTestCases.Smoke_Test_Verify_Air_Quality_contentpage_adCall_FTL(smokeTestCases.java:161)
	at sun.reflect.NativeMethodAccessorImpl.invoke0(Native Method)
	at sun.reflect.NativeMethodAccessorImpl.invoke(NativeMethodAccessorImpl.java:62)
	at sun.reflect.DelegatingMethodAccessorImpl.invoke(DelegatingMethodAccessorImpl.java:43)
	at java.lang.reflect.Method.invoke(Method.java:498)
	at org.testng.internal.MethodInvocationHelper.invokeMethod(MethodInvocationHelper.java:85)
	at org.testng.internal.Invoker.invokeMethod(Invoker.java:659)
	at org.testng.internal.Invoker.invokeTestMethod(Invoker.java:845)
	at org.testng.internal.Invoker.invokeTestMethods(Invoker.java:1153)
	at org.testng.internal.TestMethodWorker.invokeTestMethods(TestMethodWorker.java:125)
	at org.testng.internal.TestMethodWorker.run(TestMethodWorker.java:108)
	at org.testng.TestRunner.privateRun(TestRunner.java:771)
	at org.testng.TestRunner.run(TestRunner.java:621)
	at org.testng.SuiteRunner.runTest(SuiteRunner.java:357)
	at org.testng.SuiteRunner.runSequentially(SuiteRunner.java:352)
	at org.testng.SuiteRunner.privateRun(SuiteRunner.java:310)
	at org.testng.SuiteRunner.run(SuiteRunner.java:259)
	at org.testng.SuiteRunnerWorker.runSuite(SuiteRunnerWorker.java:52)
	at org.testng.SuiteRunnerWorker.run(SuiteRunnerWorker.java:86)
	at org.testng.TestNG.runSuitesSequentially(TestNG.java:1199)
	at org.testng.TestNG.runSuitesLocally(TestNG.java:1124)
	at org.testng.TestNG.run(TestNG.java:1032)
	at org.testng.remote.AbstractRemoteTestNG.run(AbstractRemoteTestNG.java:115)
	at org.testng.remote.RemoteTestNG.initAndRun(RemoteTestNG.java:251)
	at org.testng.remote.RemoteTestNG.main(RemoteTestNG.java:77)
]]>
            </full-stacktrace>
          </exception> <!-- java.lang.AssertionError -->
          <reporter-output>
          </reporter-output>
        </test-method> <!-- Smoke_Test_Verify_Air_Quality_contentpage_adCall_FTL -->
        <test-method status="FAIL" signature="Smoke_Test_Verify_health_and_activities_Allergy_spotlight_pos_custumparam()[pri:0, instance:twc.Automation.ExecutableTestCases.smokeTestCases@1b5bc39d]" name="Smoke_Test_Verify_health_and_activities_Allergy_spotlight_pos_custumparam" duration-ms="17" started-at="2022-10-07T22:36:46Z" finished-at="2022-10-07T22:36:46Z">
          <exception class="java.lang.AssertionError">
            <message>
              <![CDATA[Ad Call :iu=%2F7646%2Fapp_android_us%2Fdb_display%2Fcontent%2Fallergy%2Ftips_sl not found in charles session, hence Custom Parameter: pos validation skipped]]>
            </message>
            <full-stacktrace>
              <![CDATA[java.lang.AssertionError: Ad Call :iu=%2F7646%2Fapp_android_us%2Fdb_display%2Fcontent%2Fallergy%2Ftips_sl not found in charles session, hence Custom Parameter: pos validation skipped
	at org.testng.Assert.fail(Assert.java:94)
	at twc.Automation.General.Utils.validate_custom_param_val_of_gampad(Utils.java:3960)
	at twc.Automation.ExecutableTestCases.smokeTestCases.Smoke_Test_Verify_health_and_activities_Allergy_spotlight_pos_custumparam(smokeTestCases.java:231)
	at sun.reflect.NativeMethodAccessorImpl.invoke0(Native Method)
	at sun.reflect.NativeMethodAccessorImpl.invoke(NativeMethodAccessorImpl.java:62)
	at sun.reflect.DelegatingMethodAccessorImpl.invoke(DelegatingMethodAccessorImpl.java:43)
	at java.lang.reflect.Method.invoke(Method.java:498)
	at org.testng.internal.MethodInvocationHelper.invokeMethod(MethodInvocationHelper.java:85)
	at org.testng.internal.Invoker.invokeMethod(Invoker.java:659)
	at org.testng.internal.Invoker.invokeTestMethod(Invoker.java:845)
	at org.testng.internal.Invoker.invokeTestMethods(Invoker.java:1153)
	at org.testng.internal.TestMethodWorker.invokeTestMethods(TestMethodWorker.java:125)
	at org.testng.internal.TestMethodWorker.run(TestMethodWorker.java:108)
	at org.testng.TestRunner.privateRun(TestRunner.java:771)
	at org.testng.TestRunner.run(TestRunner.java:621)
	at org.testng.SuiteRunner.runTest(SuiteRunner.java:357)
	at org.testng.SuiteRunner.runSequentially(SuiteRunner.java:352)
	at org.testng.SuiteRunner.privateRun(SuiteRunner.java:310)
	at org.testng.SuiteRunner.run(SuiteRunner.java:259)
	at org.testng.SuiteRunnerWorker.runSuite(SuiteRunnerWorker.java:52)
	at org.testng.SuiteRunnerWorker.run(SuiteRunnerWorker.java:86)
	at org.testng.TestNG.runSuitesSequentially(TestNG.java:1199)
	at org.testng.TestNG.runSuitesLocally(TestNG.java:1124)
	at org.testng.TestNG.run(TestNG.java:1032)
	at org.testng.remote.AbstractRemoteTestNG.run(AbstractRemoteTestNG.java:115)
	at org.testng.remote.RemoteTestNG.initAndRun(RemoteTestNG.java:251)
	at org.testng.remote.RemoteTestNG.main(RemoteTestNG.java:77)
]]>
            </full-stacktrace>
          </exception> <!-- java.lang.AssertionError -->
          <reporter-output>
          </reporter-output>
        </test-method> <!-- Smoke_Test_Verify_health_and_activities_Allergy_spotlight_pos_custumparam -->
        <test-method status="FAIL" signature="Verify_SafetyAndPreparednessCard_AdCall()[pri:0, instance:twc.Automation.ExecutableTestCases.smokeTestCases@1b5bc39d]" name="Verify_SafetyAndPreparednessCard_AdCall" duration-ms="27" started-at="2022-10-07T22:36:46Z" finished-at="2022-10-07T22:36:46Z">
          <exception class="java.lang.AssertionError">
            <message>
              <![CDATA[iu=%2F7646%2Fapp_android_us%2Fdb_display%2Fcard%2Fsp ad call is not present]]>
            </message>
            <full-stacktrace>
              <![CDATA[java.lang.AssertionError: iu=%2F7646%2Fapp_android_us%2Fdb_display%2Fcard%2Fsp ad call is not present
	at org.testng.Assert.fail(Assert.java:94)
	at twc.Automation.General.Utils.verifyPubadCal(Utils.java:234)
	at twc.Automation.ExecutableTestCases.smokeTestCases.Verify_SafetyAndPreparednessCard_AdCall(smokeTestCases.java:174)
	at sun.reflect.NativeMethodAccessorImpl.invoke0(Native Method)
	at sun.reflect.NativeMethodAccessorImpl.invoke(NativeMethodAccessorImpl.java:62)
	at sun.reflect.DelegatingMethodAccessorImpl.invoke(DelegatingMethodAccessorImpl.java:43)
	at java.lang.reflect.Method.invoke(Method.java:498)
	at org.testng.internal.MethodInvocationHelper.invokeMethod(MethodInvocationHelper.java:85)
	at org.testng.internal.Invoker.invokeMethod(Invoker.java:659)
	at org.testng.internal.Invoker.invokeTestMethod(Invoker.java:845)
	at org.testng.internal.Invoker.invokeTestMethods(Invoker.java:1153)
	at org.testng.internal.TestMethodWorker.invokeTestMethods(TestMethodWorker.java:125)
	at org.testng.internal.TestMethodWorker.run(TestMethodWorker.java:108)
	at org.testng.TestRunner.privateRun(TestRunner.java:771)
	at org.testng.TestRunner.run(TestRunner.java:621)
	at org.testng.SuiteRunner.runTest(SuiteRunner.java:357)
	at org.testng.SuiteRunner.runSequentially(SuiteRunner.java:352)
	at org.testng.SuiteRunner.privateRun(SuiteRunner.java:310)
	at org.testng.SuiteRunner.run(SuiteRunner.java:259)
	at org.testng.SuiteRunnerWorker.runSuite(SuiteRunnerWorker.java:52)
	at org.testng.SuiteRunnerWorker.run(SuiteRunnerWorker.java:86)
	at org.testng.TestNG.runSuitesSequentially(TestNG.java:1199)
	at org.testng.TestNG.runSuitesLocally(TestNG.java:1124)
	at org.testng.TestNG.run(TestNG.java:1032)
	at org.testng.remote.AbstractRemoteTestNG.run(AbstractRemoteTestNG.java:115)
	at org.testng.remote.RemoteTestNG.initAndRun(RemoteTestNG.java:251)
	at org.testng.remote.RemoteTestNG.main(RemoteTestNG.java:77)
]]>
            </full-stacktrace>
          </exception> <!-- java.lang.AssertionError -->
          <reporter-output>
          </reporter-output>
        </test-method> <!-- Verify_SafetyAndPreparednessCard_AdCall -->
        <test-method status="PASS" signature="Smoke_Test_Verify_outdoor_detailpage_adcall_FTL()[pri:0, instance:twc.Automation.ExecutableTestCases.smokeTestCases@1b5bc39d]" name="Smoke_Test_Verify_outdoor_detailpage_adcall_FTL" duration-ms="31" started-at="2022-10-07T22:36:46Z" finished-at="2022-10-07T22:36:46Z">
          <reporter-output>
          </reporter-output>
        </test-method> <!-- Smoke_Test_Verify_outdoor_detailpage_adcall_FTL -->
        <test-method status="FAIL" signature="Smoke_Test_CaseVerify_sz_Homescreen_marquee_adCall_FTL()[pri:0, instance:twc.Automation.ExecutableTestCases.smokeTestCases@1b5bc39d]" name="Smoke_Test_CaseVerify_sz_Homescreen_marquee_adCall_FTL" duration-ms="28" started-at="2022-10-07T22:36:46Z" finished-at="2022-10-07T22:36:46Z">
          <exception class="java.lang.AssertionError">
            <message>
              <![CDATA[Ad Call :iu=%2F7646%2Fapp_android_us%2Fdb_display%2Fhome_screen%2Fmarquee not found in charles session, hence Custom Parameter: sz validation skipped]]>
            </message>
            <full-stacktrace>
              <![CDATA[java.lang.AssertionError: Ad Call :iu=%2F7646%2Fapp_android_us%2Fdb_display%2Fhome_screen%2Fmarquee not found in charles session, hence Custom Parameter: sz validation skipped
	at org.testng.Assert.fail(Assert.java:94)
	at twc.Automation.General.Utils.validate_Noncustom_param_val_of_gampad(Utils.java:4385)
	at twc.Automation.ExecutableTestCases.smokeTestCases.Smoke_Test_CaseVerify_sz_Homescreen_marquee_adCall_FTL(smokeTestCases.java:243)
	at sun.reflect.NativeMethodAccessorImpl.invoke0(Native Method)
	at sun.reflect.NativeMethodAccessorImpl.invoke(NativeMethodAccessorImpl.java:62)
	at sun.reflect.DelegatingMethodAccessorImpl.invoke(DelegatingMethodAccessorImpl.java:43)
	at java.lang.reflect.Method.invoke(Method.java:498)
	at org.testng.internal.MethodInvocationHelper.invokeMethod(MethodInvocationHelper.java:85)
	at org.testng.internal.Invoker.invokeMethod(Invoker.java:659)
	at org.testng.internal.Invoker.invokeTestMethod(Invoker.java:845)
	at org.testng.internal.Invoker.invokeTestMethods(Invoker.java:1153)
	at org.testng.internal.TestMethodWorker.invokeTestMethods(TestMethodWorker.java:125)
	at org.testng.internal.TestMethodWorker.run(TestMethodWorker.java:108)
	at org.testng.TestRunner.privateRun(TestRunner.java:771)
	at org.testng.TestRunner.run(TestRunner.java:621)
	at org.testng.SuiteRunner.runTest(SuiteRunner.java:357)
	at org.testng.SuiteRunner.runSequentially(SuiteRunner.java:352)
	at org.testng.SuiteRunner.privateRun(SuiteRunner.java:310)
	at org.testng.SuiteRunner.run(SuiteRunner.java:259)
	at org.testng.SuiteRunnerWorker.runSuite(SuiteRunnerWorker.java:52)
	at org.testng.SuiteRunnerWorker.run(SuiteRunnerWorker.java:86)
	at org.testng.TestNG.runSuitesSequentially(TestNG.java:1199)
	at org.testng.TestNG.runSuitesLocally(TestNG.java:1124)
	at org.testng.TestNG.run(TestNG.java:1032)
	at org.testng.remote.AbstractRemoteTestNG.run(AbstractRemoteTestNG.java:115)
	at org.testng.remote.RemoteTestNG.initAndRun(RemoteTestNG.java:251)
	at org.testng.remote.RemoteTestNG.main(RemoteTestNG.java:77)
]]>
            </full-stacktrace>
          </exception> <!-- java.lang.AssertionError -->
          <reporter-output>
          </reporter-output>
        </test-method> <!-- Smoke_Test_CaseVerify_sz_Homescreen_marquee_adCall_FTL -->
        <test-method status="FAIL" signature="Verify_sz_AlertCenterAd()[pri:0, instance:twc.Automation.ExecutableTestCases.smokeTestCases@1b5bc39d]" name="Verify_sz_AlertCenterAd" duration-ms="23" started-at="2022-10-07T22:36:46Z" finished-at="2022-10-07T22:36:46Z">
          <exception class="java.lang.AssertionError">
            <message>
              <![CDATA[Ad Call :iu=%2F7646%2Fapp_android_us%2Fdb_display%2Fdetails%2Falerts%2Fcenter not found in charles session, hence Custom Parameter: sz validation skipped]]>
            </message>
            <full-stacktrace>
              <![CDATA[java.lang.AssertionError: Ad Call :iu=%2F7646%2Fapp_android_us%2Fdb_display%2Fdetails%2Falerts%2Fcenter not found in charles session, hence Custom Parameter: sz validation skipped
	at org.testng.Assert.fail(Assert.java:94)
	at twc.Automation.General.Utils.validate_Noncustom_param_val_of_gampad(Utils.java:4385)
	at twc.Automation.ExecutableTestCases.smokeTestCases.Verify_sz_AlertCenterAd(smokeTestCases.java:255)
	at sun.reflect.NativeMethodAccessorImpl.invoke0(Native Method)
	at sun.reflect.NativeMethodAccessorImpl.invoke(NativeMethodAccessorImpl.java:62)
	at sun.reflect.DelegatingMethodAccessorImpl.invoke(DelegatingMethodAccessorImpl.java:43)
	at java.lang.reflect.Method.invoke(Method.java:498)
	at org.testng.internal.MethodInvocationHelper.invokeMethod(MethodInvocationHelper.java:85)
	at org.testng.internal.Invoker.invokeMethod(Invoker.java:659)
	at org.testng.internal.Invoker.invokeTestMethod(Invoker.java:845)
	at org.testng.internal.Invoker.invokeTestMethods(Invoker.java:1153)
	at org.testng.internal.TestMethodWorker.invokeTestMethods(TestMethodWorker.java:125)
	at org.testng.internal.TestMethodWorker.run(TestMethodWorker.java:108)
	at org.testng.TestRunner.privateRun(TestRunner.java:771)
	at org.testng.TestRunner.run(TestRunner.java:621)
	at org.testng.SuiteRunner.runTest(SuiteRunner.java:357)
	at org.testng.SuiteRunner.runSequentially(SuiteRunner.java:352)
	at org.testng.SuiteRunner.privateRun(SuiteRunner.java:310)
	at org.testng.SuiteRunner.run(SuiteRunner.java:259)
	at org.testng.SuiteRunnerWorker.runSuite(SuiteRunnerWorker.java:52)
	at org.testng.SuiteRunnerWorker.run(SuiteRunnerWorker.java:86)
	at org.testng.TestNG.runSuitesSequentially(TestNG.java:1199)
	at org.testng.TestNG.runSuitesLocally(TestNG.java:1124)
	at org.testng.TestNG.run(TestNG.java:1032)
	at org.testng.remote.AbstractRemoteTestNG.run(AbstractRemoteTestNG.java:115)
	at org.testng.remote.RemoteTestNG.initAndRun(RemoteTestNG.java:251)
	at org.testng.remote.RemoteTestNG.main(RemoteTestNG.java:77)
]]>
            </full-stacktrace>
          </exception> <!-- java.lang.AssertionError -->
          <reporter-output>
          </reporter-output>
        </test-method> <!-- Verify_sz_AlertCenterAd -->
        <test-method status="FAIL" signature="Smoke_Test_verifying_sz_feed_1_adcall_FTL()[pri:0, instance:twc.Automation.ExecutableTestCases.smokeTestCases@1b5bc39d]" name="Smoke_Test_verifying_sz_feed_1_adcall_FTL" duration-ms="28" started-at="2022-10-07T22:36:46Z" finished-at="2022-10-07T22:36:46Z">
          <exception class="java.lang.AssertionError">
            <message>
              <![CDATA[Ad Call :iu=%2F7646%2Fapp_android_us%2Fdb_display%2Ffeed%2Ffeed_1 not found in charles session, hence Custom Parameter: sz validation skipped]]>
            </message>
            <full-stacktrace>
              <![CDATA[java.lang.AssertionError: Ad Call :iu=%2F7646%2Fapp_android_us%2Fdb_display%2Ffeed%2Ffeed_1 not found in charles session, hence Custom Parameter: sz validation skipped
	at org.testng.Assert.fail(Assert.java:94)
	at twc.Automation.General.Utils.validate_Noncustom_param_val_of_gampad(Utils.java:4385)
	at twc.Automation.ExecutableTestCases.smokeTestCases.Smoke_Test_verifying_sz_feed_1_adcall_FTL(smokeTestCases.java:262)
	at sun.reflect.NativeMethodAccessorImpl.invoke0(Native Method)
	at sun.reflect.NativeMethodAccessorImpl.invoke(NativeMethodAccessorImpl.java:62)
	at sun.reflect.DelegatingMethodAccessorImpl.invoke(DelegatingMethodAccessorImpl.java:43)
	at java.lang.reflect.Method.invoke(Method.java:498)
	at org.testng.internal.MethodInvocationHelper.invokeMethod(MethodInvocationHelper.java:85)
	at org.testng.internal.Invoker.invokeMethod(Invoker.java:659)
	at org.testng.internal.Invoker.invokeTestMethod(Invoker.java:845)
	at org.testng.internal.Invoker.invokeTestMethods(Invoker.java:1153)
	at org.testng.internal.TestMethodWorker.invokeTestMethods(TestMethodWorker.java:125)
	at org.testng.internal.TestMethodWorker.run(TestMethodWorker.java:108)
	at org.testng.TestRunner.privateRun(TestRunner.java:771)
	at org.testng.TestRunner.run(TestRunner.java:621)
	at org.testng.SuiteRunner.runTest(SuiteRunner.java:357)
	at org.testng.SuiteRunner.runSequentially(SuiteRunner.java:352)
	at org.testng.SuiteRunner.privateRun(SuiteRunner.java:310)
	at org.testng.SuiteRunner.run(SuiteRunner.java:259)
	at org.testng.SuiteRunnerWorker.runSuite(SuiteRunnerWorker.java:52)
	at org.testng.SuiteRunnerWorker.run(SuiteRunnerWorker.java:86)
	at org.testng.TestNG.runSuitesSequentially(TestNG.java:1199)
	at org.testng.TestNG.runSuitesLocally(TestNG.java:1124)
	at org.testng.TestNG.run(TestNG.java:1032)
	at org.testng.remote.AbstractRemoteTestNG.run(AbstractRemoteTestNG.java:115)
	at org.testng.remote.RemoteTestNG.initAndRun(RemoteTestNG.java:251)
	at org.testng.remote.RemoteTestNG.main(RemoteTestNG.java:77)
]]>
            </full-stacktrace>
          </exception> <!-- java.lang.AssertionError -->
          <reporter-output>
          </reporter-output>
        </test-method> <!-- Smoke_Test_verifying_sz_feed_1_adcall_FTL -->
        <test-method status="FAIL" signature="Smoke_Test_Case_Verify_sz_Radar_Maps_deatailspage_adCall_FTL()[pri:0, instance:twc.Automation.ExecutableTestCases.smokeTestCases@1b5bc39d]" name="Smoke_Test_Case_Verify_sz_Radar_Maps_deatailspage_adCall_FTL" duration-ms="17" started-at="2022-10-07T22:36:46Z" finished-at="2022-10-07T22:36:46Z">
          <exception class="java.lang.AssertionError">
            <message>
              <![CDATA[Ad Call :iu=%2F7646%2Fapp_android_us%2Fdb_display%2Fdetails%2Fmaps not found in charles session, hence Custom Parameter: sz validation skipped]]>
            </message>
            <full-stacktrace>
              <![CDATA[java.lang.AssertionError: Ad Call :iu=%2F7646%2Fapp_android_us%2Fdb_display%2Fdetails%2Fmaps not found in charles session, hence Custom Parameter: sz validation skipped
	at org.testng.Assert.fail(Assert.java:94)
	at twc.Automation.General.Utils.validate_Noncustom_param_val_of_gampad(Utils.java:4385)
	at twc.Automation.ExecutableTestCases.smokeTestCases.Smoke_Test_Case_Verify_sz_Radar_Maps_deatailspage_adCall_FTL(smokeTestCases.java:270)
	at sun.reflect.NativeMethodAccessorImpl.invoke0(Native Method)
	at sun.reflect.NativeMethodAccessorImpl.invoke(NativeMethodAccessorImpl.java:62)
	at sun.reflect.DelegatingMethodAccessorImpl.invoke(DelegatingMethodAccessorImpl.java:43)
	at java.lang.reflect.Method.invoke(Method.java:498)
	at org.testng.internal.MethodInvocationHelper.invokeMethod(MethodInvocationHelper.java:85)
	at org.testng.internal.Invoker.invokeMethod(Invoker.java:659)
	at org.testng.internal.Invoker.invokeTestMethod(Invoker.java:845)
	at org.testng.internal.Invoker.invokeTestMethods(Invoker.java:1153)
	at org.testng.internal.TestMethodWorker.invokeTestMethods(TestMethodWorker.java:125)
	at org.testng.internal.TestMethodWorker.run(TestMethodWorker.java:108)
	at org.testng.TestRunner.privateRun(TestRunner.java:771)
	at org.testng.TestRunner.run(TestRunner.java:621)
	at org.testng.SuiteRunner.runTest(SuiteRunner.java:357)
	at org.testng.SuiteRunner.runSequentially(SuiteRunner.java:352)
	at org.testng.SuiteRunner.privateRun(SuiteRunner.java:310)
	at org.testng.SuiteRunner.run(SuiteRunner.java:259)
	at org.testng.SuiteRunnerWorker.runSuite(SuiteRunnerWorker.java:52)
	at org.testng.SuiteRunnerWorker.run(SuiteRunnerWorker.java:86)
	at org.testng.TestNG.runSuitesSequentially(TestNG.java:1199)
	at org.testng.TestNG.runSuitesLocally(TestNG.java:1124)
	at org.testng.TestNG.run(TestNG.java:1032)
	at org.testng.remote.AbstractRemoteTestNG.run(AbstractRemoteTestNG.java:115)
	at org.testng.remote.RemoteTestNG.initAndRun(RemoteTestNG.java:251)
	at org.testng.remote.RemoteTestNG.main(RemoteTestNG.java:77)
]]>
            </full-stacktrace>
          </exception> <!-- java.lang.AssertionError -->
          <reporter-output>
          </reporter-output>
        </test-method> <!-- Smoke_Test_Case_Verify_sz_Radar_Maps_deatailspage_adCall_FTL -->
        <test-method status="FAIL" signature="Smoke_Test_Verify_sz_AirQuality_contentpage_adCall_FTL()[pri:0, instance:twc.Automation.ExecutableTestCases.smokeTestCases@1b5bc39d]" name="Smoke_Test_Verify_sz_AirQuality_contentpage_adCall_FTL" duration-ms="30" started-at="2022-10-07T22:36:46Z" finished-at="2022-10-07T22:36:46Z">
          <exception class="java.lang.AssertionError">
            <message>
              <![CDATA[Ad Call :iu=%2F7646%2Fapp_android_us%2Fdb_display%2Fcontent%2Faq not found in charles session, hence Custom Parameter: sz validation skipped]]>
            </message>
            <full-stacktrace>
              <![CDATA[java.lang.AssertionError: Ad Call :iu=%2F7646%2Fapp_android_us%2Fdb_display%2Fcontent%2Faq not found in charles session, hence Custom Parameter: sz validation skipped
	at org.testng.Assert.fail(Assert.java:94)
	at twc.Automation.General.Utils.validate_Noncustom_param_val_of_gampad(Utils.java:4385)
	at twc.Automation.ExecutableTestCases.smokeTestCases.Smoke_Test_Verify_sz_AirQuality_contentpage_adCall_FTL(smokeTestCases.java:280)
	at sun.reflect.NativeMethodAccessorImpl.invoke0(Native Method)
	at sun.reflect.NativeMethodAccessorImpl.invoke(NativeMethodAccessorImpl.java:62)
	at sun.reflect.DelegatingMethodAccessorImpl.invoke(DelegatingMethodAccessorImpl.java:43)
	at java.lang.reflect.Method.invoke(Method.java:498)
	at org.testng.internal.MethodInvocationHelper.invokeMethod(MethodInvocationHelper.java:85)
	at org.testng.internal.Invoker.invokeMethod(Invoker.java:659)
	at org.testng.internal.Invoker.invokeTestMethod(Invoker.java:845)
	at org.testng.internal.Invoker.invokeTestMethods(Invoker.java:1153)
	at org.testng.internal.TestMethodWorker.invokeTestMethods(TestMethodWorker.java:125)
	at org.testng.internal.TestMethodWorker.run(TestMethodWorker.java:108)
	at org.testng.TestRunner.privateRun(TestRunner.java:771)
	at org.testng.TestRunner.run(TestRunner.java:621)
	at org.testng.SuiteRunner.runTest(SuiteRunner.java:357)
	at org.testng.SuiteRunner.runSequentially(SuiteRunner.java:352)
	at org.testng.SuiteRunner.privateRun(SuiteRunner.java:310)
	at org.testng.SuiteRunner.run(SuiteRunner.java:259)
	at org.testng.SuiteRunnerWorker.runSuite(SuiteRunnerWorker.java:52)
	at org.testng.SuiteRunnerWorker.run(SuiteRunnerWorker.java:86)
	at org.testng.TestNG.runSuitesSequentially(TestNG.java:1199)
	at org.testng.TestNG.runSuitesLocally(TestNG.java:1124)
	at org.testng.TestNG.run(TestNG.java:1032)
	at org.testng.remote.AbstractRemoteTestNG.run(AbstractRemoteTestNG.java:115)
	at org.testng.remote.RemoteTestNG.initAndRun(RemoteTestNG.java:251)
	at org.testng.remote.RemoteTestNG.main(RemoteTestNG.java:77)
]]>
            </full-stacktrace>
          </exception> <!-- java.lang.AssertionError -->
          <reporter-output>
          </reporter-output>
        </test-method> <!-- Smoke_Test_Verify_sz_AirQuality_contentpage_adCall_FTL -->
        <test-method status="FAIL" signature="Smoke_Test_Verify_hourly_detailpage_adcall_FTL()[pri:0, instance:twc.Automation.ExecutableTestCases.smokeTestCases@1b5bc39d]" name="Smoke_Test_Verify_hourly_detailpage_adcall_FTL" duration-ms="39" started-at="2022-10-07T22:36:46Z" finished-at="2022-10-07T22:36:46Z">
          <exception class="java.lang.AssertionError">
            <message>
              <![CDATA[iu=%2F7646%2Fapp_android_us%2Fdb_display%2Fdetails%2Fhourly ad call is not present]]>
            </message>
            <full-stacktrace>
              <![CDATA[java.lang.AssertionError: iu=%2F7646%2Fapp_android_us%2Fdb_display%2Fdetails%2Fhourly ad call is not present
	at org.testng.Assert.fail(Assert.java:94)
	at twc.Automation.General.Utils.verifyPubadCal(Utils.java:234)
	at twc.Automation.ExecutableTestCases.smokeTestCases.Smoke_Test_Verify_hourly_detailpage_adcall_FTL(smokeTestCases.java:295)
	at sun.reflect.NativeMethodAccessorImpl.invoke0(Native Method)
	at sun.reflect.NativeMethodAccessorImpl.invoke(NativeMethodAccessorImpl.java:62)
	at sun.reflect.DelegatingMethodAccessorImpl.invoke(DelegatingMethodAccessorImpl.java:43)
	at java.lang.reflect.Method.invoke(Method.java:498)
	at org.testng.internal.MethodInvocationHelper.invokeMethod(MethodInvocationHelper.java:85)
	at org.testng.internal.Invoker.invokeMethod(Invoker.java:659)
	at org.testng.internal.Invoker.invokeTestMethod(Invoker.java:845)
	at org.testng.internal.Invoker.invokeTestMethods(Invoker.java:1153)
	at org.testng.internal.TestMethodWorker.invokeTestMethods(TestMethodWorker.java:125)
	at org.testng.internal.TestMethodWorker.run(TestMethodWorker.java:108)
	at org.testng.TestRunner.privateRun(TestRunner.java:771)
	at org.testng.TestRunner.run(TestRunner.java:621)
	at org.testng.SuiteRunner.runTest(SuiteRunner.java:357)
	at org.testng.SuiteRunner.runSequentially(SuiteRunner.java:352)
	at org.testng.SuiteRunner.privateRun(SuiteRunner.java:310)
	at org.testng.SuiteRunner.run(SuiteRunner.java:259)
	at org.testng.SuiteRunnerWorker.runSuite(SuiteRunnerWorker.java:52)
	at org.testng.SuiteRunnerWorker.run(SuiteRunnerWorker.java:86)
	at org.testng.TestNG.runSuitesSequentially(TestNG.java:1199)
	at org.testng.TestNG.runSuitesLocally(TestNG.java:1124)
	at org.testng.TestNG.run(TestNG.java:1032)
	at org.testng.remote.AbstractRemoteTestNG.run(AbstractRemoteTestNG.java:115)
	at org.testng.remote.RemoteTestNG.initAndRun(RemoteTestNG.java:251)
	at org.testng.remote.RemoteTestNG.main(RemoteTestNG.java:77)
]]>
            </full-stacktrace>
          </exception> <!-- java.lang.AssertionError -->
          <reporter-output>
          </reporter-output>
        </test-method> <!-- Smoke_Test_Verify_hourly_detailpage_adcall_FTL -->
        <test-method status="FAIL" signature="Smoke_Test_Verify_hourly1_detailpage_bigad_adcall_FTL()[pri:0, instance:twc.Automation.ExecutableTestCases.smokeTestCases@1b5bc39d]" name="Smoke_Test_Verify_hourly1_detailpage_bigad_adcall_FTL" duration-ms="25" started-at="2022-10-07T22:36:46Z" finished-at="2022-10-07T22:36:46Z">
          <exception class="java.lang.AssertionError">
            <message>
              <![CDATA[iu=%2F7646%2Fapp_android_us%2Fdb_display%2Fdetails%2Fhourly1 ad call is not present]]>
            </message>
            <full-stacktrace>
              <![CDATA[java.lang.AssertionError: iu=%2F7646%2Fapp_android_us%2Fdb_display%2Fdetails%2Fhourly1 ad call is not present
	at org.testng.Assert.fail(Assert.java:94)
	at twc.Automation.General.Utils.verifyPubadCal(Utils.java:234)
	at twc.Automation.ExecutableTestCases.smokeTestCases.Smoke_Test_Verify_hourly1_detailpage_bigad_adcall_FTL(smokeTestCases.java:305)
	at sun.reflect.NativeMethodAccessorImpl.invoke0(Native Method)
	at sun.reflect.NativeMethodAccessorImpl.invoke(NativeMethodAccessorImpl.java:62)
	at sun.reflect.DelegatingMethodAccessorImpl.invoke(DelegatingMethodAccessorImpl.java:43)
	at java.lang.reflect.Method.invoke(Method.java:498)
	at org.testng.internal.MethodInvocationHelper.invokeMethod(MethodInvocationHelper.java:85)
	at org.testng.internal.Invoker.invokeMethod(Invoker.java:659)
	at org.testng.internal.Invoker.invokeTestMethod(Invoker.java:845)
	at org.testng.internal.Invoker.invokeTestMethods(Invoker.java:1153)
	at org.testng.internal.TestMethodWorker.invokeTestMethods(TestMethodWorker.java:125)
	at org.testng.internal.TestMethodWorker.run(TestMethodWorker.java:108)
	at org.testng.TestRunner.privateRun(TestRunner.java:771)
	at org.testng.TestRunner.run(TestRunner.java:621)
	at org.testng.SuiteRunner.runTest(SuiteRunner.java:357)
	at org.testng.SuiteRunner.runSequentially(SuiteRunner.java:352)
	at org.testng.SuiteRunner.privateRun(SuiteRunner.java:310)
	at org.testng.SuiteRunner.run(SuiteRunner.java:259)
	at org.testng.SuiteRunnerWorker.runSuite(SuiteRunnerWorker.java:52)
	at org.testng.SuiteRunnerWorker.run(SuiteRunnerWorker.java:86)
	at org.testng.TestNG.runSuitesSequentially(TestNG.java:1199)
	at org.testng.TestNG.runSuitesLocally(TestNG.java:1124)
	at org.testng.TestNG.run(TestNG.java:1032)
	at org.testng.remote.AbstractRemoteTestNG.run(AbstractRemoteTestNG.java:115)
	at org.testng.remote.RemoteTestNG.initAndRun(RemoteTestNG.java:251)
	at org.testng.remote.RemoteTestNG.main(RemoteTestNG.java:77)
]]>
            </full-stacktrace>
          </exception> <!-- java.lang.AssertionError -->
          <reporter-output>
          </reporter-output>
        </test-method> <!-- Smoke_Test_Verify_hourly1_detailpage_bigad_adcall_FTL -->
        <test-method status="FAIL" signature="Smoke_Test_Verify_hourly2_detailpage_bigad_adcall_FTL()[pri:0, instance:twc.Automation.ExecutableTestCases.smokeTestCases@1b5bc39d]" name="Smoke_Test_Verify_hourly2_detailpage_bigad_adcall_FTL" duration-ms="24" started-at="2022-10-07T22:36:46Z" finished-at="2022-10-07T22:36:46Z">
          <exception class="java.lang.AssertionError">
            <message>
              <![CDATA[iu=%2F7646%2Fapp_android_us%2Fdb_display%2Fdetails%2Fhourly2 ad call is not present]]>
            </message>
            <full-stacktrace>
              <![CDATA[java.lang.AssertionError: iu=%2F7646%2Fapp_android_us%2Fdb_display%2Fdetails%2Fhourly2 ad call is not present
	at org.testng.Assert.fail(Assert.java:94)
	at twc.Automation.General.Utils.verifyPubadCal(Utils.java:234)
	at twc.Automation.ExecutableTestCases.smokeTestCases.Smoke_Test_Verify_hourly2_detailpage_bigad_adcall_FTL(smokeTestCases.java:315)
	at sun.reflect.NativeMethodAccessorImpl.invoke0(Native Method)
	at sun.reflect.NativeMethodAccessorImpl.invoke(NativeMethodAccessorImpl.java:62)
	at sun.reflect.DelegatingMethodAccessorImpl.invoke(DelegatingMethodAccessorImpl.java:43)
	at java.lang.reflect.Method.invoke(Method.java:498)
	at org.testng.internal.MethodInvocationHelper.invokeMethod(MethodInvocationHelper.java:85)
	at org.testng.internal.Invoker.invokeMethod(Invoker.java:659)
	at org.testng.internal.Invoker.invokeTestMethod(Invoker.java:845)
	at org.testng.internal.Invoker.invokeTestMethods(Invoker.java:1153)
	at org.testng.internal.TestMethodWorker.invokeTestMethods(TestMethodWorker.java:125)
	at org.testng.internal.TestMethodWorker.run(TestMethodWorker.java:108)
	at org.testng.TestRunner.privateRun(TestRunner.java:771)
	at org.testng.TestRunner.run(TestRunner.java:621)
	at org.testng.SuiteRunner.runTest(SuiteRunner.java:357)
	at org.testng.SuiteRunner.runSequentially(SuiteRunner.java:352)
	at org.testng.SuiteRunner.privateRun(SuiteRunner.java:310)
	at org.testng.SuiteRunner.run(SuiteRunner.java:259)
	at org.testng.SuiteRunnerWorker.runSuite(SuiteRunnerWorker.java:52)
	at org.testng.SuiteRunnerWorker.run(SuiteRunnerWorker.java:86)
	at org.testng.TestNG.runSuitesSequentially(TestNG.java:1199)
	at org.testng.TestNG.runSuitesLocally(TestNG.java:1124)
	at org.testng.TestNG.run(TestNG.java:1032)
	at org.testng.remote.AbstractRemoteTestNG.run(AbstractRemoteTestNG.java:115)
	at org.testng.remote.RemoteTestNG.initAndRun(RemoteTestNG.java:251)
	at org.testng.remote.RemoteTestNG.main(RemoteTestNG.java:77)
]]>
            </full-stacktrace>
          </exception> <!-- java.lang.AssertionError -->
          <reporter-output>
          </reporter-output>
        </test-method> <!-- Smoke_Test_Verify_hourly2_detailpage_bigad_adcall_FTL -->
        <test-method status="FAIL" signature="Smoke_Test_Verify_hourly3__bigad_detailpage_adcall_FTL()[pri:0, instance:twc.Automation.ExecutableTestCases.smokeTestCases@1b5bc39d]" name="Smoke_Test_Verify_hourly3__bigad_detailpage_adcall_FTL" duration-ms="17" started-at="2022-10-07T22:36:46Z" finished-at="2022-10-07T22:36:46Z">
          <exception class="java.lang.AssertionError">
            <message>
              <![CDATA[iu=%2F7646%2Fapp_android_us%2Fdb_display%2Fdetails%2Fhourly3 ad call is not present]]>
            </message>
            <full-stacktrace>
              <![CDATA[java.lang.AssertionError: iu=%2F7646%2Fapp_android_us%2Fdb_display%2Fdetails%2Fhourly3 ad call is not present
	at org.testng.Assert.fail(Assert.java:94)
	at twc.Automation.General.Utils.verifyPubadCal(Utils.java:234)
	at twc.Automation.ExecutableTestCases.smokeTestCases.Smoke_Test_Verify_hourly3__bigad_detailpage_adcall_FTL(smokeTestCases.java:327)
	at sun.reflect.NativeMethodAccessorImpl.invoke0(Native Method)
	at sun.reflect.NativeMethodAccessorImpl.invoke(NativeMethodAccessorImpl.java:62)
	at sun.reflect.DelegatingMethodAccessorImpl.invoke(DelegatingMethodAccessorImpl.java:43)
	at java.lang.reflect.Method.invoke(Method.java:498)
	at org.testng.internal.MethodInvocationHelper.invokeMethod(MethodInvocationHelper.java:85)
	at org.testng.internal.Invoker.invokeMethod(Invoker.java:659)
	at org.testng.internal.Invoker.invokeTestMethod(Invoker.java:845)
	at org.testng.internal.Invoker.invokeTestMethods(Invoker.java:1153)
	at org.testng.internal.TestMethodWorker.invokeTestMethods(TestMethodWorker.java:125)
	at org.testng.internal.TestMethodWorker.run(TestMethodWorker.java:108)
	at org.testng.TestRunner.privateRun(TestRunner.java:771)
	at org.testng.TestRunner.run(TestRunner.java:621)
	at org.testng.SuiteRunner.runTest(SuiteRunner.java:357)
	at org.testng.SuiteRunner.runSequentially(SuiteRunner.java:352)
	at org.testng.SuiteRunner.privateRun(SuiteRunner.java:310)
	at org.testng.SuiteRunner.run(SuiteRunner.java:259)
	at org.testng.SuiteRunnerWorker.runSuite(SuiteRunnerWorker.java:52)
	at org.testng.SuiteRunnerWorker.run(SuiteRunnerWorker.java:86)
	at org.testng.TestNG.runSuitesSequentially(TestNG.java:1199)
	at org.testng.TestNG.runSuitesLocally(TestNG.java:1124)
	at org.testng.TestNG.run(TestNG.java:1032)
	at org.testng.remote.AbstractRemoteTestNG.run(AbstractRemoteTestNG.java:115)
	at org.testng.remote.RemoteTestNG.initAndRun(RemoteTestNG.java:251)
	at org.testng.remote.RemoteTestNG.main(RemoteTestNG.java:77)
]]>
            </full-stacktrace>
          </exception> <!-- java.lang.AssertionError -->
          <reporter-output>
          </reporter-output>
        </test-method> <!-- Smoke_Test_Verify_hourly3__bigad_detailpage_adcall_FTL -->
        <test-method status="FAIL" signature="Smoke_Test_Verify_sz_hourly_detailpage_adcall_FTL()[pri:0, instance:twc.Automation.ExecutableTestCases.smokeTestCases@1b5bc39d]" name="Smoke_Test_Verify_sz_hourly_detailpage_adcall_FTL" duration-ms="17" started-at="2022-10-07T22:36:46Z" finished-at="2022-10-07T22:36:46Z">
          <exception class="java.lang.AssertionError">
            <message>
              <![CDATA[Ad Call :iu=%2F7646%2Fapp_android_us%2Fdb_display%2Fdetails%2Fhourly not found in charles session, hence Custom Parameter: sz validation skipped]]>
            </message>
            <full-stacktrace>
              <![CDATA[java.lang.AssertionError: Ad Call :iu=%2F7646%2Fapp_android_us%2Fdb_display%2Fdetails%2Fhourly not found in charles session, hence Custom Parameter: sz validation skipped
	at org.testng.Assert.fail(Assert.java:94)
	at twc.Automation.General.Utils.validate_Noncustom_param_val_of_gampad(Utils.java:4385)
	at twc.Automation.ExecutableTestCases.smokeTestCases.Smoke_Test_Verify_sz_hourly_detailpage_adcall_FTL(smokeTestCases.java:339)
	at sun.reflect.NativeMethodAccessorImpl.invoke0(Native Method)
	at sun.reflect.NativeMethodAccessorImpl.invoke(NativeMethodAccessorImpl.java:62)
	at sun.reflect.DelegatingMethodAccessorImpl.invoke(DelegatingMethodAccessorImpl.java:43)
	at java.lang.reflect.Method.invoke(Method.java:498)
	at org.testng.internal.MethodInvocationHelper.invokeMethod(MethodInvocationHelper.java:85)
	at org.testng.internal.Invoker.invokeMethod(Invoker.java:659)
	at org.testng.internal.Invoker.invokeTestMethod(Invoker.java:845)
	at org.testng.internal.Invoker.invokeTestMethods(Invoker.java:1153)
	at org.testng.internal.TestMethodWorker.invokeTestMethods(TestMethodWorker.java:125)
	at org.testng.internal.TestMethodWorker.run(TestMethodWorker.java:108)
	at org.testng.TestRunner.privateRun(TestRunner.java:771)
	at org.testng.TestRunner.run(TestRunner.java:621)
	at org.testng.SuiteRunner.runTest(SuiteRunner.java:357)
	at org.testng.SuiteRunner.runSequentially(SuiteRunner.java:352)
	at org.testng.SuiteRunner.privateRun(SuiteRunner.java:310)
	at org.testng.SuiteRunner.run(SuiteRunner.java:259)
	at org.testng.SuiteRunnerWorker.runSuite(SuiteRunnerWorker.java:52)
	at org.testng.SuiteRunnerWorker.run(SuiteRunnerWorker.java:86)
	at org.testng.TestNG.runSuitesSequentially(TestNG.java:1199)
	at org.testng.TestNG.runSuitesLocally(TestNG.java:1124)
	at org.testng.TestNG.run(TestNG.java:1032)
	at org.testng.remote.AbstractRemoteTestNG.run(AbstractRemoteTestNG.java:115)
	at org.testng.remote.RemoteTestNG.initAndRun(RemoteTestNG.java:251)
	at org.testng.remote.RemoteTestNG.main(RemoteTestNG.java:77)
]]>
            </full-stacktrace>
          </exception> <!-- java.lang.AssertionError -->
          <reporter-output>
          </reporter-output>
        </test-method> <!-- Smoke_Test_Verify_sz_hourly_detailpage_adcall_FTL -->
        <test-method status="FAIL" signature="Smoke_Test_Verify_sz_hourly1_detailpage_bigad_adcall_FTL()[pri:0, instance:twc.Automation.ExecutableTestCases.smokeTestCases@1b5bc39d]" name="Smoke_Test_Verify_sz_hourly1_detailpage_bigad_adcall_FTL" duration-ms="13" started-at="2022-10-07T22:36:46Z" finished-at="2022-10-07T22:36:46Z">
          <exception class="java.lang.AssertionError">
            <message>
              <![CDATA[Ad Call :iu=%2F7646%2Fapp_android_us%2Fdb_display%2Fdetails%2Fhourly1 not found in charles session, hence Custom Parameter: sz validation skipped]]>
            </message>
            <full-stacktrace>
              <![CDATA[java.lang.AssertionError: Ad Call :iu=%2F7646%2Fapp_android_us%2Fdb_display%2Fdetails%2Fhourly1 not found in charles session, hence Custom Parameter: sz validation skipped
	at org.testng.Assert.fail(Assert.java:94)
	at twc.Automation.General.Utils.validate_Noncustom_param_val_of_gampad(Utils.java:4385)
	at twc.Automation.ExecutableTestCases.smokeTestCases.Smoke_Test_Verify_sz_hourly1_detailpage_bigad_adcall_FTL(smokeTestCases.java:348)
	at sun.reflect.NativeMethodAccessorImpl.invoke0(Native Method)
	at sun.reflect.NativeMethodAccessorImpl.invoke(NativeMethodAccessorImpl.java:62)
	at sun.reflect.DelegatingMethodAccessorImpl.invoke(DelegatingMethodAccessorImpl.java:43)
	at java.lang.reflect.Method.invoke(Method.java:498)
	at org.testng.internal.MethodInvocationHelper.invokeMethod(MethodInvocationHelper.java:85)
	at org.testng.internal.Invoker.invokeMethod(Invoker.java:659)
	at org.testng.internal.Invoker.invokeTestMethod(Invoker.java:845)
	at org.testng.internal.Invoker.invokeTestMethods(Invoker.java:1153)
	at org.testng.internal.TestMethodWorker.invokeTestMethods(TestMethodWorker.java:125)
	at org.testng.internal.TestMethodWorker.run(TestMethodWorker.java:108)
	at org.testng.TestRunner.privateRun(TestRunner.java:771)
	at org.testng.TestRunner.run(TestRunner.java:621)
	at org.testng.SuiteRunner.runTest(SuiteRunner.java:357)
	at org.testng.SuiteRunner.runSequentially(SuiteRunner.java:352)
	at org.testng.SuiteRunner.privateRun(SuiteRunner.java:310)
	at org.testng.SuiteRunner.run(SuiteRunner.java:259)
	at org.testng.SuiteRunnerWorker.runSuite(SuiteRunnerWorker.java:52)
	at org.testng.SuiteRunnerWorker.run(SuiteRunnerWorker.java:86)
	at org.testng.TestNG.runSuitesSequentially(TestNG.java:1199)
	at org.testng.TestNG.runSuitesLocally(TestNG.java:1124)
	at org.testng.TestNG.run(TestNG.java:1032)
	at org.testng.remote.AbstractRemoteTestNG.run(AbstractRemoteTestNG.java:115)
	at org.testng.remote.RemoteTestNG.initAndRun(RemoteTestNG.java:251)
	at org.testng.remote.RemoteTestNG.main(RemoteTestNG.java:77)
]]>
            </full-stacktrace>
          </exception> <!-- java.lang.AssertionError -->
          <reporter-output>
          </reporter-output>
        </test-method> <!-- Smoke_Test_Verify_sz_hourly1_detailpage_bigad_adcall_FTL -->
        <test-method status="FAIL" signature="Smoke_Test_Verify_sz_hourly2_detailpage_bigad_adcall_FTL()[pri:0, instance:twc.Automation.ExecutableTestCases.smokeTestCases@1b5bc39d]" name="Smoke_Test_Verify_sz_hourly2_detailpage_bigad_adcall_FTL" duration-ms="14" started-at="2022-10-07T22:36:46Z" finished-at="2022-10-07T22:36:46Z">
          <exception class="java.lang.AssertionError">
            <message>
              <![CDATA[Ad Call :iu=%2F7646%2Fapp_android_us%2Fdb_display%2Fdetails%2Fhourly2 not found in charles session, hence Custom Parameter: sz validation skipped]]>
            </message>
            <full-stacktrace>
              <![CDATA[java.lang.AssertionError: Ad Call :iu=%2F7646%2Fapp_android_us%2Fdb_display%2Fdetails%2Fhourly2 not found in charles session, hence Custom Parameter: sz validation skipped
	at org.testng.Assert.fail(Assert.java:94)
	at twc.Automation.General.Utils.validate_Noncustom_param_val_of_gampad(Utils.java:4385)
	at twc.Automation.ExecutableTestCases.smokeTestCases.Smoke_Test_Verify_sz_hourly2_detailpage_bigad_adcall_FTL(smokeTestCases.java:358)
	at sun.reflect.NativeMethodAccessorImpl.invoke0(Native Method)
	at sun.reflect.NativeMethodAccessorImpl.invoke(NativeMethodAccessorImpl.java:62)
	at sun.reflect.DelegatingMethodAccessorImpl.invoke(DelegatingMethodAccessorImpl.java:43)
	at java.lang.reflect.Method.invoke(Method.java:498)
	at org.testng.internal.MethodInvocationHelper.invokeMethod(MethodInvocationHelper.java:85)
	at org.testng.internal.Invoker.invokeMethod(Invoker.java:659)
	at org.testng.internal.Invoker.invokeTestMethod(Invoker.java:845)
	at org.testng.internal.Invoker.invokeTestMethods(Invoker.java:1153)
	at org.testng.internal.TestMethodWorker.invokeTestMethods(TestMethodWorker.java:125)
	at org.testng.internal.TestMethodWorker.run(TestMethodWorker.java:108)
	at org.testng.TestRunner.privateRun(TestRunner.java:771)
	at org.testng.TestRunner.run(TestRunner.java:621)
	at org.testng.SuiteRunner.runTest(SuiteRunner.java:357)
	at org.testng.SuiteRunner.runSequentially(SuiteRunner.java:352)
	at org.testng.SuiteRunner.privateRun(SuiteRunner.java:310)
	at org.testng.SuiteRunner.run(SuiteRunner.java:259)
	at org.testng.SuiteRunnerWorker.runSuite(SuiteRunnerWorker.java:52)
	at org.testng.SuiteRunnerWorker.run(SuiteRunnerWorker.java:86)
	at org.testng.TestNG.runSuitesSequentially(TestNG.java:1199)
	at org.testng.TestNG.runSuitesLocally(TestNG.java:1124)
	at org.testng.TestNG.run(TestNG.java:1032)
	at org.testng.remote.AbstractRemoteTestNG.run(AbstractRemoteTestNG.java:115)
	at org.testng.remote.RemoteTestNG.initAndRun(RemoteTestNG.java:251)
	at org.testng.remote.RemoteTestNG.main(RemoteTestNG.java:77)
]]>
            </full-stacktrace>
          </exception> <!-- java.lang.AssertionError -->
          <reporter-output>
          </reporter-output>
        </test-method> <!-- Smoke_Test_Verify_sz_hourly2_detailpage_bigad_adcall_FTL -->
        <test-method status="FAIL" signature="Smoke_Test_Verify_sz_hourly3__bigad_detailpage_adcall_FTL()[pri:0, instance:twc.Automation.ExecutableTestCases.smokeTestCases@1b5bc39d]" name="Smoke_Test_Verify_sz_hourly3__bigad_detailpage_adcall_FTL" duration-ms="11" started-at="2022-10-07T22:36:46Z" finished-at="2022-10-07T22:36:46Z">
          <exception class="java.lang.AssertionError">
            <message>
              <![CDATA[Ad Call :iu=%2F7646%2Fapp_android_us%2Fdb_display%2Fdetails%2Fhourly3 not found in charles session, hence Custom Parameter: sz validation skipped]]>
            </message>
            <full-stacktrace>
              <![CDATA[java.lang.AssertionError: Ad Call :iu=%2F7646%2Fapp_android_us%2Fdb_display%2Fdetails%2Fhourly3 not found in charles session, hence Custom Parameter: sz validation skipped
	at org.testng.Assert.fail(Assert.java:94)
	at twc.Automation.General.Utils.validate_Noncustom_param_val_of_gampad(Utils.java:4385)
	at twc.Automation.ExecutableTestCases.smokeTestCases.Smoke_Test_Verify_sz_hourly3__bigad_detailpage_adcall_FTL(smokeTestCases.java:369)
	at sun.reflect.NativeMethodAccessorImpl.invoke0(Native Method)
	at sun.reflect.NativeMethodAccessorImpl.invoke(NativeMethodAccessorImpl.java:62)
	at sun.reflect.DelegatingMethodAccessorImpl.invoke(DelegatingMethodAccessorImpl.java:43)
	at java.lang.reflect.Method.invoke(Method.java:498)
	at org.testng.internal.MethodInvocationHelper.invokeMethod(MethodInvocationHelper.java:85)
	at org.testng.internal.Invoker.invokeMethod(Invoker.java:659)
	at org.testng.internal.Invoker.invokeTestMethod(Invoker.java:845)
	at org.testng.internal.Invoker.invokeTestMethods(Invoker.java:1153)
	at org.testng.internal.TestMethodWorker.invokeTestMethods(TestMethodWorker.java:125)
	at org.testng.internal.TestMethodWorker.run(TestMethodWorker.java:108)
	at org.testng.TestRunner.privateRun(TestRunner.java:771)
	at org.testng.TestRunner.run(TestRunner.java:621)
	at org.testng.SuiteRunner.runTest(SuiteRunner.java:357)
	at org.testng.SuiteRunner.runSequentially(SuiteRunner.java:352)
	at org.testng.SuiteRunner.privateRun(SuiteRunner.java:310)
	at org.testng.SuiteRunner.run(SuiteRunner.java:259)
	at org.testng.SuiteRunnerWorker.runSuite(SuiteRunnerWorker.java:52)
	at org.testng.SuiteRunnerWorker.run(SuiteRunnerWorker.java:86)
	at org.testng.TestNG.runSuitesSequentially(TestNG.java:1199)
	at org.testng.TestNG.runSuitesLocally(TestNG.java:1124)
	at org.testng.TestNG.run(TestNG.java:1032)
	at org.testng.remote.AbstractRemoteTestNG.run(AbstractRemoteTestNG.java:115)
	at org.testng.remote.RemoteTestNG.initAndRun(RemoteTestNG.java:251)
	at org.testng.remote.RemoteTestNG.main(RemoteTestNG.java:77)
]]>
            </full-stacktrace>
          </exception> <!-- java.lang.AssertionError -->
          <reporter-output>
          </reporter-output>
        </test-method> <!-- Smoke_Test_Verify_sz_hourly3__bigad_detailpage_adcall_FTL -->
        <test-method status="FAIL" signature="Smoke_Test_Verifying_newdailydetails_day1adcall_FTL()[pri:0, instance:twc.Automation.ExecutableTestCases.smokeTestCases@1b5bc39d]" name="Smoke_Test_Verifying_newdailydetails_day1adcall_FTL" duration-ms="15" started-at="2022-10-07T22:36:46Z" finished-at="2022-10-07T22:36:46Z">
          <exception class="java.lang.AssertionError">
            <message>
              <![CDATA[iu=%2F7646%2Fapp_android_us%2Fdb_display%2Fdetails%2F10day_null ad call is not present]]>
            </message>
            <full-stacktrace>
              <![CDATA[java.lang.AssertionError: iu=%2F7646%2Fapp_android_us%2Fdb_display%2Fdetails%2F10day_null ad call is not present
	at org.testng.Assert.fail(Assert.java:94)
	at twc.Automation.General.Utils.verifyPubadCal(Utils.java:234)
	at twc.Automation.ExecutableTestCases.smokeTestCases.Smoke_Test_Verifying_newdailydetails_day1adcall_FTL(smokeTestCases.java:383)
	at sun.reflect.NativeMethodAccessorImpl.invoke0(Native Method)
	at sun.reflect.NativeMethodAccessorImpl.invoke(NativeMethodAccessorImpl.java:62)
	at sun.reflect.DelegatingMethodAccessorImpl.invoke(DelegatingMethodAccessorImpl.java:43)
	at java.lang.reflect.Method.invoke(Method.java:498)
	at org.testng.internal.MethodInvocationHelper.invokeMethod(MethodInvocationHelper.java:85)
	at org.testng.internal.Invoker.invokeMethod(Invoker.java:659)
	at org.testng.internal.Invoker.invokeTestMethod(Invoker.java:845)
	at org.testng.internal.Invoker.invokeTestMethods(Invoker.java:1153)
	at org.testng.internal.TestMethodWorker.invokeTestMethods(TestMethodWorker.java:125)
	at org.testng.internal.TestMethodWorker.run(TestMethodWorker.java:108)
	at org.testng.TestRunner.privateRun(TestRunner.java:771)
	at org.testng.TestRunner.run(TestRunner.java:621)
	at org.testng.SuiteRunner.runTest(SuiteRunner.java:357)
	at org.testng.SuiteRunner.runSequentially(SuiteRunner.java:352)
	at org.testng.SuiteRunner.privateRun(SuiteRunner.java:310)
	at org.testng.SuiteRunner.run(SuiteRunner.java:259)
	at org.testng.SuiteRunnerWorker.runSuite(SuiteRunnerWorker.java:52)
	at org.testng.SuiteRunnerWorker.run(SuiteRunnerWorker.java:86)
	at org.testng.TestNG.runSuitesSequentially(TestNG.java:1199)
	at org.testng.TestNG.runSuitesLocally(TestNG.java:1124)
	at org.testng.TestNG.run(TestNG.java:1032)
	at org.testng.remote.AbstractRemoteTestNG.run(AbstractRemoteTestNG.java:115)
	at org.testng.remote.RemoteTestNG.initAndRun(RemoteTestNG.java:251)
	at org.testng.remote.RemoteTestNG.main(RemoteTestNG.java:77)
]]>
            </full-stacktrace>
          </exception> <!-- java.lang.AssertionError -->
          <reporter-output>
          </reporter-output>
        </test-method> <!-- Smoke_Test_Verifying_newdailydetails_day1adcall_FTL -->
        <test-method status="FAIL" signature="Validate_dailydetails_fcnd_Custom_param()[pri:0, instance:twc.Automation.ExecutableTestCases.smokeTestCases@1b5bc39d]" name="Validate_dailydetails_fcnd_Custom_param" duration-ms="16" started-at="2022-10-07T22:36:46Z" finished-at="2022-10-07T22:36:46Z">
          <exception class="java.lang.AssertionError">
            <message>
              <![CDATA[Ad Call :iu=%2F7646%2Fapp_android_us%2Fdb_display%2Fdetails%2F10day_null not found in charles session, hence Custom Parameter: fcnd validation skipped]]>
            </message>
            <full-stacktrace>
              <![CDATA[java.lang.AssertionError: Ad Call :iu=%2F7646%2Fapp_android_us%2Fdb_display%2Fdetails%2F10day_null not found in charles session, hence Custom Parameter: fcnd validation skipped
	at org.testng.Assert.fail(Assert.java:94)
	at twc.Automation.General.Utils.validate_custom_param_val_of_gampad(Utils.java:3960)
	at twc.Automation.ExecutableTestCases.smokeTestCases.Validate_dailydetails_fcnd_Custom_param(smokeTestCases.java:398)
	at sun.reflect.NativeMethodAccessorImpl.invoke0(Native Method)
	at sun.reflect.NativeMethodAccessorImpl.invoke(NativeMethodAccessorImpl.java:62)
	at sun.reflect.DelegatingMethodAccessorImpl.invoke(DelegatingMethodAccessorImpl.java:43)
	at java.lang.reflect.Method.invoke(Method.java:498)
	at org.testng.internal.MethodInvocationHelper.invokeMethod(MethodInvocationHelper.java:85)
	at org.testng.internal.Invoker.invokeMethod(Invoker.java:659)
	at org.testng.internal.Invoker.invokeTestMethod(Invoker.java:845)
	at org.testng.internal.Invoker.invokeTestMethods(Invoker.java:1153)
	at org.testng.internal.TestMethodWorker.invokeTestMethods(TestMethodWorker.java:125)
	at org.testng.internal.TestMethodWorker.run(TestMethodWorker.java:108)
	at org.testng.TestRunner.privateRun(TestRunner.java:771)
	at org.testng.TestRunner.run(TestRunner.java:621)
	at org.testng.SuiteRunner.runTest(SuiteRunner.java:357)
	at org.testng.SuiteRunner.runSequentially(SuiteRunner.java:352)
	at org.testng.SuiteRunner.privateRun(SuiteRunner.java:310)
	at org.testng.SuiteRunner.run(SuiteRunner.java:259)
	at org.testng.SuiteRunnerWorker.runSuite(SuiteRunnerWorker.java:52)
	at org.testng.SuiteRunnerWorker.run(SuiteRunnerWorker.java:86)
	at org.testng.TestNG.runSuitesSequentially(TestNG.java:1199)
	at org.testng.TestNG.runSuitesLocally(TestNG.java:1124)
	at org.testng.TestNG.run(TestNG.java:1032)
	at org.testng.remote.AbstractRemoteTestNG.run(AbstractRemoteTestNG.java:115)
	at org.testng.remote.RemoteTestNG.initAndRun(RemoteTestNG.java:251)
	at org.testng.remote.RemoteTestNG.main(RemoteTestNG.java:77)
]]>
            </full-stacktrace>
          </exception> <!-- java.lang.AssertionError -->
          <reporter-output>
          </reporter-output>
        </test-method> <!-- Validate_dailydetails_fcnd_Custom_param -->
        <test-method status="FAIL" signature="Validate_dailydetails_dt_Custom_param()[pri:0, instance:twc.Automation.ExecutableTestCases.smokeTestCases@1b5bc39d]" name="Validate_dailydetails_dt_Custom_param" duration-ms="11" started-at="2022-10-07T22:36:46Z" finished-at="2022-10-07T22:36:46Z">
          <exception class="java.lang.AssertionError">
            <message>
              <![CDATA[Ad Call :iu=%2F7646%2Fapp_android_us%2Fdb_display%2Fdetails%2F10day_null not found in charles session, hence Custom Parameter: dt validation skipped]]>
            </message>
            <full-stacktrace>
              <![CDATA[java.lang.AssertionError: Ad Call :iu=%2F7646%2Fapp_android_us%2Fdb_display%2Fdetails%2F10day_null not found in charles session, hence Custom Parameter: dt validation skipped
	at org.testng.Assert.fail(Assert.java:94)
	at twc.Automation.General.Utils.validate_custom_param_val_of_gampad(Utils.java:3960)
	at twc.Automation.ExecutableTestCases.smokeTestCases.Validate_dailydetails_dt_Custom_param(smokeTestCases.java:411)
	at sun.reflect.NativeMethodAccessorImpl.invoke0(Native Method)
	at sun.reflect.NativeMethodAccessorImpl.invoke(NativeMethodAccessorImpl.java:62)
	at sun.reflect.DelegatingMethodAccessorImpl.invoke(DelegatingMethodAccessorImpl.java:43)
	at java.lang.reflect.Method.invoke(Method.java:498)
	at org.testng.internal.MethodInvocationHelper.invokeMethod(MethodInvocationHelper.java:85)
	at org.testng.internal.Invoker.invokeMethod(Invoker.java:659)
	at org.testng.internal.Invoker.invokeTestMethod(Invoker.java:845)
	at org.testng.internal.Invoker.invokeTestMethods(Invoker.java:1153)
	at org.testng.internal.TestMethodWorker.invokeTestMethods(TestMethodWorker.java:125)
	at org.testng.internal.TestMethodWorker.run(TestMethodWorker.java:108)
	at org.testng.TestRunner.privateRun(TestRunner.java:771)
	at org.testng.TestRunner.run(TestRunner.java:621)
	at org.testng.SuiteRunner.runTest(SuiteRunner.java:357)
	at org.testng.SuiteRunner.runSequentially(SuiteRunner.java:352)
	at org.testng.SuiteRunner.privateRun(SuiteRunner.java:310)
	at org.testng.SuiteRunner.run(SuiteRunner.java:259)
	at org.testng.SuiteRunnerWorker.runSuite(SuiteRunnerWorker.java:52)
	at org.testng.SuiteRunnerWorker.run(SuiteRunnerWorker.java:86)
	at org.testng.TestNG.runSuitesSequentially(TestNG.java:1199)
	at org.testng.TestNG.runSuitesLocally(TestNG.java:1124)
	at org.testng.TestNG.run(TestNG.java:1032)
	at org.testng.remote.AbstractRemoteTestNG.run(AbstractRemoteTestNG.java:115)
	at org.testng.remote.RemoteTestNG.initAndRun(RemoteTestNG.java:251)
	at org.testng.remote.RemoteTestNG.main(RemoteTestNG.java:77)
]]>
            </full-stacktrace>
          </exception> <!-- java.lang.AssertionError -->
          <reporter-output>
          </reporter-output>
        </test-method> <!-- Validate_dailydetails_dt_Custom_param -->
        <test-method status="FAIL" signature="Validate_dailydetails_mnth_Custom_param()[pri:0, instance:twc.Automation.ExecutableTestCases.smokeTestCases@1b5bc39d]" name="Validate_dailydetails_mnth_Custom_param" duration-ms="19" started-at="2022-10-07T22:36:46Z" finished-at="2022-10-07T22:36:46Z">
          <exception class="java.lang.AssertionError">
            <message>
              <![CDATA[Ad Call :iu=%2F7646%2Fapp_android_us%2Fdb_display%2Fdetails%2F10day_null not found in charles session, hence Custom Parameter: mnth validation skipped]]>
            </message>
            <full-stacktrace>
              <![CDATA[java.lang.AssertionError: Ad Call :iu=%2F7646%2Fapp_android_us%2Fdb_display%2Fdetails%2F10day_null not found in charles session, hence Custom Parameter: mnth validation skipped
	at org.testng.Assert.fail(Assert.java:94)
	at twc.Automation.General.Utils.validate_custom_param_val_of_gampad(Utils.java:3960)
	at twc.Automation.ExecutableTestCases.smokeTestCases.Validate_dailydetails_mnth_Custom_param(smokeTestCases.java:424)
	at sun.reflect.NativeMethodAccessorImpl.invoke0(Native Method)
	at sun.reflect.NativeMethodAccessorImpl.invoke(NativeMethodAccessorImpl.java:62)
	at sun.reflect.DelegatingMethodAccessorImpl.invoke(DelegatingMethodAccessorImpl.java:43)
	at java.lang.reflect.Method.invoke(Method.java:498)
	at org.testng.internal.MethodInvocationHelper.invokeMethod(MethodInvocationHelper.java:85)
	at org.testng.internal.Invoker.invokeMethod(Invoker.java:659)
	at org.testng.internal.Invoker.invokeTestMethod(Invoker.java:845)
	at org.testng.internal.Invoker.invokeTestMethods(Invoker.java:1153)
	at org.testng.internal.TestMethodWorker.invokeTestMethods(TestMethodWorker.java:125)
	at org.testng.internal.TestMethodWorker.run(TestMethodWorker.java:108)
	at org.testng.TestRunner.privateRun(TestRunner.java:771)
	at org.testng.TestRunner.run(TestRunner.java:621)
	at org.testng.SuiteRunner.runTest(SuiteRunner.java:357)
	at org.testng.SuiteRunner.runSequentially(SuiteRunner.java:352)
	at org.testng.SuiteRunner.privateRun(SuiteRunner.java:310)
	at org.testng.SuiteRunner.run(SuiteRunner.java:259)
	at org.testng.SuiteRunnerWorker.runSuite(SuiteRunnerWorker.java:52)
	at org.testng.SuiteRunnerWorker.run(SuiteRunnerWorker.java:86)
	at org.testng.TestNG.runSuitesSequentially(TestNG.java:1199)
	at org.testng.TestNG.runSuitesLocally(TestNG.java:1124)
	at org.testng.TestNG.run(TestNG.java:1032)
	at org.testng.remote.AbstractRemoteTestNG.run(AbstractRemoteTestNG.java:115)
	at org.testng.remote.RemoteTestNG.initAndRun(RemoteTestNG.java:251)
	at org.testng.remote.RemoteTestNG.main(RemoteTestNG.java:77)
]]>
            </full-stacktrace>
          </exception> <!-- java.lang.AssertionError -->
          <reporter-output>
          </reporter-output>
        </test-method> <!-- Validate_dailydetails_mnth_Custom_param -->
        <test-method status="FAIL" signature="Validate_dailydetails_dynght_Custom_param()[pri:0, instance:twc.Automation.ExecutableTestCases.smokeTestCases@1b5bc39d]" name="Validate_dailydetails_dynght_Custom_param" duration-ms="12" started-at="2022-10-07T22:36:46Z" finished-at="2022-10-07T22:36:46Z">
          <exception class="java.lang.AssertionError">
            <message>
              <![CDATA[Ad Call :iu=%2F7646%2Fapp_android_us%2Fdb_display%2Fdetails%2F10day_null not found in charles session, hence Custom Parameter: dynght validation skipped]]>
            </message>
            <full-stacktrace>
              <![CDATA[java.lang.AssertionError: Ad Call :iu=%2F7646%2Fapp_android_us%2Fdb_display%2Fdetails%2F10day_null not found in charles session, hence Custom Parameter: dynght validation skipped
	at org.testng.Assert.fail(Assert.java:94)
	at twc.Automation.General.Utils.validate_custom_param_val_of_gampad(Utils.java:3960)
	at twc.Automation.ExecutableTestCases.smokeTestCases.Validate_dailydetails_dynght_Custom_param(smokeTestCases.java:438)
	at sun.reflect.NativeMethodAccessorImpl.invoke0(Native Method)
	at sun.reflect.NativeMethodAccessorImpl.invoke(NativeMethodAccessorImpl.java:62)
	at sun.reflect.DelegatingMethodAccessorImpl.invoke(DelegatingMethodAccessorImpl.java:43)
	at java.lang.reflect.Method.invoke(Method.java:498)
	at org.testng.internal.MethodInvocationHelper.invokeMethod(MethodInvocationHelper.java:85)
	at org.testng.internal.Invoker.invokeMethod(Invoker.java:659)
	at org.testng.internal.Invoker.invokeTestMethod(Invoker.java:845)
	at org.testng.internal.Invoker.invokeTestMethods(Invoker.java:1153)
	at org.testng.internal.TestMethodWorker.invokeTestMethods(TestMethodWorker.java:125)
	at org.testng.internal.TestMethodWorker.run(TestMethodWorker.java:108)
	at org.testng.TestRunner.privateRun(TestRunner.java:771)
	at org.testng.TestRunner.run(TestRunner.java:621)
	at org.testng.SuiteRunner.runTest(SuiteRunner.java:357)
	at org.testng.SuiteRunner.runSequentially(SuiteRunner.java:352)
	at org.testng.SuiteRunner.privateRun(SuiteRunner.java:310)
	at org.testng.SuiteRunner.run(SuiteRunner.java:259)
	at org.testng.SuiteRunnerWorker.runSuite(SuiteRunnerWorker.java:52)
	at org.testng.SuiteRunnerWorker.run(SuiteRunnerWorker.java:86)
	at org.testng.TestNG.runSuitesSequentially(TestNG.java:1199)
	at org.testng.TestNG.runSuitesLocally(TestNG.java:1124)
	at org.testng.TestNG.run(TestNG.java:1032)
	at org.testng.remote.AbstractRemoteTestNG.run(AbstractRemoteTestNG.java:115)
	at org.testng.remote.RemoteTestNG.initAndRun(RemoteTestNG.java:251)
	at org.testng.remote.RemoteTestNG.main(RemoteTestNG.java:77)
]]>
            </full-stacktrace>
          </exception> <!-- java.lang.AssertionError -->
          <reporter-output>
          </reporter-output>
        </test-method> <!-- Validate_dailydetails_dynght_Custom_param -->
        <test-method status="FAIL" signature="Smoke_Test_Verifying_newdailydetails_day2adcall_FTL()[pri:0, instance:twc.Automation.ExecutableTestCases.smokeTestCases@1b5bc39d]" name="Smoke_Test_Verifying_newdailydetails_day2adcall_FTL" duration-ms="24" started-at="2022-10-07T22:36:46Z" finished-at="2022-10-07T22:36:46Z">
          <exception class="java.lang.AssertionError">
            <message>
              <![CDATA[iu=%2F7646%2Fapp_android_us%2Fdb_display%2Fdetails%2F10day_null ad call is not present]]>
            </message>
            <full-stacktrace>
              <![CDATA[java.lang.AssertionError: iu=%2F7646%2Fapp_android_us%2Fdb_display%2Fdetails%2F10day_null ad call is not present
	at org.testng.Assert.fail(Assert.java:94)
	at twc.Automation.General.Utils.verifyPubadCal(Utils.java:234)
[...]
	at org.testng.remote.RemoteTestNG.initAndRun(RemoteTestNG.java:251)
	at org.testng.remote.RemoteTestNG.main(RemoteTestNG.java:77)
]]>
            </full-stacktrace>
          </exception> <!-- java.lang.AssertionError -->
          <reporter-output>
          </reporter-output>
        </test-method> <!-- Validate_DailyDetails_zcs_Custom_param -->
        <test-method status="FAIL" signature="Validate_MapDetails_zcs_Custom_param()[pri:0, instance:twc.Automation.ExecutableTestCases.smokeTestCases@1b5bc39d]" name="Validate_MapDetails_zcs_Custom_param" duration-ms="10" started-at="2022-10-07T22:36:48Z" finished-at="2022-10-07T22:36:48Z">
          <exception class="java.lang.AssertionError">
            <message>
              <![CDATA[Either Parameter value is empty or API Call is not generated, hence Custom Parameter validation skipped]]>
            </message>
            <full-stacktrace>
              <![CDATA[java.lang.AssertionError: Either Parameter value is empty or API Call is not generated, hence Custom Parameter validation skipped
	at org.testng.Assert.fail(Assert.java:94)
	at twc.Automation.General.Utils.validate_custom_param_val_of_gampad_with_zip(Utils.java:4262)
	at twc.Automation.ExecutableTestCases.smokeTestCases.Validate_MapDetails_zcs_Custom_param(smokeTestCases.java:2010)
	at sun.reflect.NativeMethodAccessorImpl.invoke0(Native Method)
	at sun.reflect.NativeMethodAccessorImpl.invoke(NativeMethodAccessorImpl.java:62)
	at sun.reflect.DelegatingMethodAccessorImpl.invoke(DelegatingMethodAccessorImpl.java:43)
	at java.lang.reflect.Method.invoke(Method.java:498)
	at org.testng.internal.MethodInvocationHelper.invokeMethod(MethodInvocationHelper.java:85)
	at org.testng.internal.Invoker.invokeMethod(Invoker.java:659)
	at org.testng.internal.Invoker.invokeTestMethod(Invoker.java:845)
	at org.testng.internal.Invoker.invokeTestMethods(Invoker.java:1153)
	at org.testng.internal.TestMethodWorker.invokeTestMethods(TestMethodWorker.java:125)
	at org.testng.internal.TestMethodWorker.run(TestMethodWorker.java:108)
	at org.testng.TestRunner.privateRun(TestRunner.java:771)
	at org.testng.TestRunner.run(TestRunner.java:621)
	at org.testng.SuiteRunner.runTest(SuiteRunner.java:357)
	at org.testng.SuiteRunner.runSequentially(SuiteRunner.java:352)
	at org.testng.SuiteRunner.privateRun(SuiteRunner.java:310)
	at org.testng.SuiteRunner.run(SuiteRunner.java:259)
	at org.testng.SuiteRunnerWorker.runSuite(SuiteRunnerWorker.java:52)
	at org.testng.SuiteRunnerWorker.run(SuiteRunnerWorker.java:86)
	at org.testng.TestNG.runSuitesSequentially(TestNG.java:1199)
	at org.testng.TestNG.runSuitesLocally(TestNG.java:1124)
	at org.testng.TestNG.run(TestNG.java:1032)
	at org.testng.remote.AbstractRemoteTestNG.run(AbstractRemoteTestNG.java:115)
	at org.testng.remote.RemoteTestNG.initAndRun(RemoteTestNG.java:251)
	at org.testng.remote.RemoteTestNG.main(RemoteTestNG.java:77)
]]>
            </full-stacktrace>
          </exception> <!-- java.lang.AssertionError -->
          <reporter-output>
          </reporter-output>
        </test-method> <!-- Validate_MapDetails_zcs_Custom_param -->
        <test-method status="FAIL" signature="Validate_HourlyDetails_hzcs_Custom_param()[pri:0, instance:twc.Automation.ExecutableTestCases.smokeTestCases@1b5bc39d]" name="Validate_HourlyDetails_hzcs_Custom_param" duration-ms="14" started-at="2022-10-07T22:36:48Z" finished-at="2022-10-07T22:36:48Z">
          <exception class="java.lang.AssertionError">
            <message>
              <![CDATA[Either Parameter value is empty or API Call is not generated, hence Custom Parameter validation skipped]]>
            </message>
            <full-stacktrace>
              <![CDATA[java.lang.AssertionError: Either Parameter value is empty or API Call is not generated, hence Custom Parameter validation skipped
	at org.testng.Assert.fail(Assert.java:94)
	at twc.Automation.General.Utils.validate_custom_param_val_of_gampad_with_zip(Utils.java:4262)
	at twc.Automation.ExecutableTestCases.smokeTestCases.Validate_HourlyDetails_hzcs_Custom_param(smokeTestCases.java:2023)
	at sun.reflect.NativeMethodAccessorImpl.invoke0(Native Method)
	at sun.reflect.NativeMethodAccessorImpl.invoke(NativeMethodAccessorImpl.java:62)
	at sun.reflect.DelegatingMethodAccessorImpl.invoke(DelegatingMethodAccessorImpl.java:43)
	at java.lang.reflect.Method.invoke(Method.java:498)
	at org.testng.internal.MethodInvocationHelper.invokeMethod(MethodInvocationHelper.java:85)
	at org.testng.internal.Invoker.invokeMethod(Invoker.java:659)
	at org.testng.internal.Invoker.invokeTestMethod(Invoker.java:845)
	at org.testng.internal.Invoker.invokeTestMethods(Invoker.java:1153)
	at org.testng.internal.TestMethodWorker.invokeTestMethods(TestMethodWorker.java:125)
	at org.testng.internal.TestMethodWorker.run(TestMethodWorker.java:108)
	at org.testng.TestRunner.privateRun(TestRunner.java:771)
	at org.testng.TestRunner.run(TestRunner.java:621)
	at org.testng.SuiteRunner.runTest(SuiteRunner.java:357)
	at org.testng.SuiteRunner.runSequentially(SuiteRunner.java:352)
	at org.testng.SuiteRunner.privateRun(SuiteRunner.java:310)
	at org.testng.SuiteRunner.run(SuiteRunner.java:259)
	at org.testng.SuiteRunnerWorker.runSuite(SuiteRunnerWorker.java:52)
	at org.testng.SuiteRunnerWorker.run(SuiteRunnerWorker.java:86)
	at org.testng.TestNG.runSuitesSequentially(TestNG.java:1199)
	at org.testng.TestNG.runSuitesLocally(TestNG.java:1124)
	at org.testng.TestNG.run(TestNG.java:1032)
	at org.testng.remote.AbstractRemoteTestNG.run(AbstractRemoteTestNG.java:115)
	at org.testng.remote.RemoteTestNG.initAndRun(RemoteTestNG.java:251)
	at org.testng.remote.RemoteTestNG.main(RemoteTestNG.java:77)
]]>
            </full-stacktrace>
          </exception> <!-- java.lang.AssertionError -->
          <reporter-output>
          </reporter-output>
        </test-method> <!-- Validate_HourlyDetails_hzcs_Custom_param -->
        <test-method status="FAIL" signature="Validate_DailyDetails_hzcs_Custom_param()[pri:0, instance:twc.Automation.ExecutableTestCases.smokeTestCases@1b5bc39d]" name="Validate_DailyDetails_hzcs_Custom_param" duration-ms="7" started-at="2022-10-07T22:36:48Z" finished-at="2022-10-07T22:36:48Z">
          <exception class="java.lang.AssertionError">
            <message>
              <![CDATA[Either Parameter value is empty or API Call is not generated, hence Custom Parameter validation skipped]]>
            </message>
            <full-stacktrace>
              <![CDATA[java.lang.AssertionError: Either Parameter value is empty or API Call is not generated, hence Custom Parameter validation skipped
	at org.testng.Assert.fail(Assert.java:94)
	at twc.Automation.General.Utils.validate_custom_param_val_of_gampad_with_zip(Utils.java:4262)
	at twc.Automation.ExecutableTestCases.smokeTestCases.Validate_DailyDetails_hzcs_Custom_param(smokeTestCases.java:2036)
	at sun.reflect.NativeMethodAccessorImpl.invoke0(Native Method)
	at sun.reflect.NativeMethodAccessorImpl.invoke(NativeMethodAccessorImpl.java:62)
	at sun.reflect.DelegatingMethodAccessorImpl.invoke(DelegatingMethodAccessorImpl.java:43)
	at java.lang.reflect.Method.invoke(Method.java:498)
	at org.testng.internal.MethodInvocationHelper.invokeMethod(MethodInvocationHelper.java:85)
	at org.testng.internal.Invoker.invokeMethod(Invoker.java:659)
	at org.testng.internal.Invoker.invokeTestMethod(Invoker.java:845)
	at org.testng.internal.Invoker.invokeTestMethods(Invoker.java:1153)
	at org.testng.internal.TestMethodWorker.invokeTestMethods(TestMethodWorker.java:125)
	at org.testng.internal.TestMethodWorker.run(TestMethodWorker.java:108)
	at org.testng.TestRunner.privateRun(TestRunner.java:771)
	at org.testng.TestRunner.run(TestRunner.java:621)
	at org.testng.SuiteRunner.runTest(SuiteRunner.java:357)
	at org.testng.SuiteRunner.runSequentially(SuiteRunner.java:352)
	at org.testng.SuiteRunner.privateRun(SuiteRunner.java:310)
	at org.testng.SuiteRunner.run(SuiteRunner.java:259)
	at org.testng.SuiteRunnerWorker.runSuite(SuiteRunnerWorker.java:52)
	at org.testng.SuiteRunnerWorker.run(SuiteRunnerWorker.java:86)
	at org.testng.TestNG.runSuitesSequentially(TestNG.java:1199)
	at org.testng.TestNG.runSuitesLocally(TestNG.java:1124)
	at org.testng.TestNG.run(TestNG.java:1032)
	at org.testng.remote.AbstractRemoteTestNG.run(AbstractRemoteTestNG.java:115)
	at org.testng.remote.RemoteTestNG.initAndRun(RemoteTestNG.java:251)
	at org.testng.remote.RemoteTestNG.main(RemoteTestNG.java:77)
]]>
            </full-stacktrace>
          </exception> <!-- java.lang.AssertionError -->
          <reporter-output>
          </reporter-output>
        </test-method> <!-- Validate_DailyDetails_hzcs_Custom_param -->
        <test-method status="FAIL" signature="Validate_MapDetails_hzcs_Custom_param()[pri:0, instance:twc.Automation.ExecutableTestCases.smokeTestCases@1b5bc39d]" name="Validate_MapDetails_hzcs_Custom_param" duration-ms="10" started-at="2022-10-07T22:36:48Z" finished-at="2022-10-07T22:36:48Z">
          <exception class="java.lang.AssertionError">
            <message>
              <![CDATA[Either Parameter value is empty or API Call is not generated, hence Custom Parameter validation skipped]]>
            </message>
            <full-stacktrace>
              <![CDATA[java.lang.AssertionError: Either Parameter value is empty or API Call is not generated, hence Custom Parameter validation skipped
	at org.testng.Assert.fail(Assert.java:94)
	at twc.Automation.General.Utils.validate_custom_param_val_of_gampad_with_zip(Utils.java:4262)
	at twc.Automation.ExecutableTestCases.smokeTestCases.Validate_MapDetails_hzcs_Custom_param(smokeTestCases.java:2049)
	at sun.reflect.NativeMethodAccessorImpl.invoke0(Native Method)
	at sun.reflect.NativeMethodAccessorImpl.invoke(NativeMethodAccessorImpl.java:62)
	at sun.reflect.DelegatingMethodAccessorImpl.invoke(DelegatingMethodAccessorImpl.java:43)
	at java.lang.reflect.Method.invoke(Method.java:498)
	at org.testng.internal.MethodInvocationHelper.invokeMethod(MethodInvocationHelper.java:85)
	at org.testng.internal.Invoker.invokeMethod(Invoker.java:659)
	at org.testng.internal.Invoker.invokeTestMethod(Invoker.java:845)
	at org.testng.internal.Invoker.invokeTestMethods(Invoker.java:1153)
	at org.testng.internal.TestMethodWorker.invokeTestMethods(TestMethodWorker.java:125)
	at org.testng.internal.TestMethodWorker.run(TestMethodWorker.java:108)
	at org.testng.TestRunner.privateRun(TestRunner.java:771)
	at org.testng.TestRunner.run(TestRunner.java:621)
	at org.testng.SuiteRunner.runTest(SuiteRunner.java:357)
	at org.testng.SuiteRunner.runSequentially(SuiteRunner.java:352)
	at org.testng.SuiteRunner.privateRun(SuiteRunner.java:310)
	at org.testng.SuiteRunner.run(SuiteRunner.java:259)
	at org.testng.SuiteRunnerWorker.runSuite(SuiteRunnerWorker.java:52)
	at org.testng.SuiteRunnerWorker.run(SuiteRunnerWorker.java:86)
	at org.testng.TestNG.runSuitesSequentially(TestNG.java:1199)
	at org.testng.TestNG.runSuitesLocally(TestNG.java:1124)
	at org.testng.TestNG.run(TestNG.java:1032)
	at org.testng.remote.AbstractRemoteTestNG.run(AbstractRemoteTestNG.java:115)
	at org.testng.remote.RemoteTestNG.initAndRun(RemoteTestNG.java:251)
	at org.testng.remote.RemoteTestNG.main(RemoteTestNG.java:77)
]]>
            </full-stacktrace>
          </exception> <!-- java.lang.AssertionError -->
          <reporter-output>
          </reporter-output>
        </test-method> <!-- Validate_MapDetails_hzcs_Custom_param -->
        <test-method status="FAIL" signature="Validate_HourlyDetails_nzcs_Custom_param()[pri:0, instance:twc.Automation.ExecutableTestCases.smokeTestCases@1b5bc39d]" name="Validate_HourlyDetails_nzcs_Custom_param" duration-ms="11" started-at="2022-10-07T22:36:48Z" finished-at="2022-10-07T22:36:48Z">
          <exception class="java.lang.AssertionError">
            <message>
              <![CDATA[Either Parameter value is empty or API Call is not generated, hence Custom Parameter validation skipped]]>
            </message>
            <full-stacktrace>
              <![CDATA[java.lang.AssertionError: Either Parameter value is empty or API Call is not generated, hence Custom Parameter validation skipped
	at org.testng.Assert.fail(Assert.java:94)
	at twc.Automation.General.Utils.validate_custom_param_val_of_gampad_with_zip(Utils.java:4262)
	at twc.Automation.ExecutableTestCases.smokeTestCases.Validate_HourlyDetails_nzcs_Custom_param(smokeTestCases.java:2062)
	at sun.reflect.NativeMethodAccessorImpl.invoke0(Native Method)
	at sun.reflect.NativeMethodAccessorImpl.invoke(NativeMethodAccessorImpl.java:62)
	at sun.reflect.DelegatingMethodAccessorImpl.invoke(DelegatingMethodAccessorImpl.java:43)
	at java.lang.reflect.Method.invoke(Method.java:498)
	at org.testng.internal.MethodInvocationHelper.invokeMethod(MethodInvocationHelper.java:85)
	at org.testng.internal.Invoker.invokeMethod(Invoker.java:659)
	at org.testng.internal.Invoker.invokeTestMethod(Invoker.java:845)
	at org.testng.internal.Invoker.invokeTestMethods(Invoker.java:1153)
	at org.testng.internal.TestMethodWorker.invokeTestMethods(TestMethodWorker.java:125)
	at org.testng.internal.TestMethodWorker.run(TestMethodWorker.java:108)
	at org.testng.TestRunner.privateRun(TestRunner.java:771)
	at org.testng.TestRunner.run(TestRunner.java:621)
	at org.testng.SuiteRunner.runTest(SuiteRunner.java:357)
	at org.testng.SuiteRunner.runSequentially(SuiteRunner.java:352)
	at org.testng.SuiteRunner.privateRun(SuiteRunner.java:310)
	at org.testng.SuiteRunner.run(SuiteRunner.java:259)
	at org.testng.SuiteRunnerWorker.runSuite(SuiteRunnerWorker.java:52)
	at org.testng.SuiteRunnerWorker.run(SuiteRunnerWorker.java:86)
	at org.testng.TestNG.runSuitesSequentially(TestNG.java:1199)
	at org.testng.TestNG.runSuitesLocally(TestNG.java:1124)
	at org.testng.TestNG.run(TestNG.java:1032)
	at org.testng.remote.AbstractRemoteTestNG.run(AbstractRemoteTestNG.java:115)
	at org.testng.remote.RemoteTestNG.initAndRun(RemoteTestNG.java:251)
	at org.testng.remote.RemoteTestNG.main(RemoteTestNG.java:77)
]]>
            </full-stacktrace>
          </exception> <!-- java.lang.AssertionError -->
          <reporter-output>
          </reporter-output>
        </test-method> <!-- Validate_HourlyDetails_nzcs_Custom_param -->
        <test-method status="FAIL" signature="Validate_DailyDetails_nzcs_Custom_param()[pri:0, instance:twc.Automation.ExecutableTestCases.smokeTestCases@1b5bc39d]" name="Validate_DailyDetails_nzcs_Custom_param" duration-ms="9" started-at="2022-10-07T22:36:48Z" finished-at="2022-10-07T22:36:48Z">
          <exception class="java.lang.AssertionError">
            <message>
              <![CDATA[Either Parameter value is empty or API Call is not generated, hence Custom Parameter validation skipped]]>
            </message>
            <full-stacktrace>
              <![CDATA[java.lang.AssertionError: Either Parameter value is empty or API Call is not generated, hence Custom Parameter validation skipped
	at org.testng.Assert.fail(Assert.java:94)
	at twc.Automation.General.Utils.validate_custom_param_val_of_gampad_with_zip(Utils.java:4262)
	at twc.Automation.ExecutableTestCases.smokeTestCases.Validate_DailyDetails_nzcs_Custom_param(smokeTestCases.java:2075)
	at sun.reflect.NativeMethodAccessorImpl.invoke0(Native Method)
	at sun.reflect.NativeMethodAccessorImpl.invoke(NativeMethodAccessorImpl.java:62)
	at sun.reflect.DelegatingMethodAccessorImpl.invoke(DelegatingMethodAccessorImpl.java:43)
	at java.lang.reflect.Method.invoke(Method.java:498)
	at org.testng.internal.MethodInvocationHelper.invokeMethod(MethodInvocationHelper.java:85)
	at org.testng.internal.Invoker.invokeMethod(Invoker.java:659)
	at org.testng.internal.Invoker.invokeTestMethod(Invoker.java:845)
	at org.testng.internal.Invoker.invokeTestMethods(Invoker.java:1153)
	at org.testng.internal.TestMethodWorker.invokeTestMethods(TestMethodWorker.java:125)
	at org.testng.internal.TestMethodWorker.run(TestMethodWorker.java:108)
	at org.testng.TestRunner.privateRun(TestRunner.java:771)
	at org.testng.TestRunner.run(TestRunner.java:621)
	at org.testng.SuiteRunner.runTest(SuiteRunner.java:357)
	at org.testng.SuiteRunner.runSequentially(SuiteRunner.java:352)
	at org.testng.SuiteRunner.privateRun(SuiteRunner.java:310)
	at org.testng.SuiteRunner.run(SuiteRunner.java:259)
	at org.testng.SuiteRunnerWorker.runSuite(SuiteRunnerWorker.java:52)
	at org.testng.SuiteRunnerWorker.run(SuiteRunnerWorker.java:86)
	at org.testng.TestNG.runSuitesSequentially(TestNG.java:1199)
	at org.testng.TestNG.runSuitesLocally(TestNG.java:1124)
	at org.testng.TestNG.run(TestNG.java:1032)
	at org.testng.remote.AbstractRemoteTestNG.run(AbstractRemoteTestNG.java:115)
	at org.testng.remote.RemoteTestNG.initAndRun(RemoteTestNG.java:251)
	at org.testng.remote.RemoteTestNG.main(RemoteTestNG.java:77)
]]>
            </full-stacktrace>
          </exception> <!-- java.lang.AssertionError -->
          <reporter-output>
          </reporter-output>
        </test-method> <!-- Validate_DailyDetails_nzcs_Custom_param -->
        <test-method status="FAIL" signature="Valida0te_MapDetails_nzcs_Custom_param()[pri:0, instance:twc.Automation.ExecutableTestCases.smokeTestCases@1b5bc39d]" name="Valida0te_MapDetails_nzcs_Custom_param" duration-ms="14" started-at="2022-10-07T22:36:48Z" finished-at="2022-10-07T22:36:48Z">
          <exception class="java.lang.AssertionError">
            <message>
              <![CDATA[Either Parameter value is empty or API Call is not generated, hence Custom Parameter validation skipped]]>
            </message>
            <full-stacktrace>
              <![CDATA[java.lang.AssertionError: Either Parameter value is empty or API Call is not generated, hence Custom Parameter validation skipped
	at org.testng.Assert.fail(Assert.java:94)
	at twc.Automation.General.Utils.validate_custom_param_val_of_gampad_with_zip(Utils.java:4262)
	at twc.Automation.ExecutableTestCases.smokeTestCases.Valida0te_MapDetails_nzcs_Custom_param(smokeTestCases.java:2088)
	at sun.reflect.NativeMethodAccessorImpl.invoke0(Native Method)
	at sun.reflect.NativeMethodAccessorImpl.invoke(NativeMethodAccessorImpl.java:62)
	at sun.reflect.DelegatingMethodAccessorImpl.invoke(DelegatingMethodAccessorImpl.java:43)
	at java.lang.reflect.Method.invoke(Method.java:498)
	at org.testng.internal.MethodInvocationHelper.invokeMethod(MethodInvocationHelper.java:85)
	at org.testng.internal.Invoker.invokeMethod(Invoker.java:659)
	at org.testng.internal.Invoker.invokeTestMethod(Invoker.java:845)
	at org.testng.internal.Invoker.invokeTestMethods(Invoker.java:1153)
	at org.testng.internal.TestMethodWorker.invokeTestMethods(TestMethodWorker.java:125)
	at org.testng.internal.TestMethodWorker.run(TestMethodWorker.java:108)
	at org.testng.TestRunner.privateRun(TestRunner.java:771)
	at org.testng.TestRunner.run(TestRunner.java:621)
	at org.testng.SuiteRunner.runTest(SuiteRunner.java:357)
	at org.testng.SuiteRunner.runSequentially(SuiteRunner.java:352)
	at org.testng.SuiteRunner.privateRun(SuiteRunner.java:310)
	at org.testng.SuiteRunner.run(SuiteRunner.java:259)
	at org.testng.SuiteRunnerWorker.runSuite(SuiteRunnerWorker.java:52)
	at org.testng.SuiteRunnerWorker.run(SuiteRunnerWorker.java:86)
	at org.testng.TestNG.runSuitesSequentially(TestNG.java:1199)
	at org.testng.TestNG.runSuitesLocally(TestNG.java:1124)
	at org.testng.TestNG.run(TestNG.java:1032)
	at org.testng.remote.AbstractRemoteTestNG.run(AbstractRemoteTestNG.java:115)
	at org.testng.remote.RemoteTestNG.initAndRun(RemoteTestNG.java:251)
	at org.testng.remote.RemoteTestNG.main(RemoteTestNG.java:77)
]]>
            </full-stacktrace>
          </exception> <!-- java.lang.AssertionError -->
          <reporter-output>
          </reporter-output>
        </test-method> <!-- Valida0te_MapDetails_nzcs_Custom_param -->
      </class> <!-- twc.Automation.ExecutableTestCases.smokeTestCases -->
    </test> <!-- Default test -->
  </suite> <!-- Default suite -->
</testng-results>
